#
# A fatal error has been detected by the Java Runtime Environment:
#
#  EXCEPTION_ACCESS_VIOLATION (0xc0000005) at pc=0x00007ffd214827f8, pid=41224, tid=42844
#
# JRE version: OpenJDK Runtime Environment Temurin-21.0.3+9 (21.0.3+9) (build 21.0.3+9-LTS)
# Java VM: OpenJDK 64-Bit Server VM Temurin-21.0.3+9 (21.0.3+9-LTS, mixed mode, sharing, tiered, compressed oops, compressed class ptrs, g1 gc, windows-amd64)
# Problematic frame:
# V  [jvm.dll+0x3627f8]
#
# No core dump will be written. Minidumps are not enabled by default on client versions of Windows
#
# If you would like to submit a bug report, please visit:
#   https://github.com/adoptium/adoptium-support/issues
#

---------------  S U M M A R Y ------------

Command Line: -javaagent:C:\Users\benni\AppData\Local\Programs\IntelliJ IDEA Ultimate 2\lib\idea_rt.jar=65279:C:\Users\benni\AppData\Local\Programs\IntelliJ IDEA Ultimate 2\bin -Dfile.encoding=UTF-8 -Dsun.stdout.encoding=UTF-8 -Dsun.stderr.encoding=UTF-8 net.blockventuremc.audioserver.StartKt

Host: 12th Gen Intel(R) Core(TM) i9-12900KF, 24 cores, 31G,  Windows 11 , 64 bit Build 22621 (10.0.22621.4391)
Time: Fri Oct 25 13:17:56 2024 W. Europe Daylight Time elapsed time: 1.637964 seconds (0d 0h 0m 1s)

---------------  T H R E A D  ---------------

Current thread (0x000001fd7cafd170):  WorkerThread "GC Thread#3"    [id=42844, stack(0x000000fa11100000,0x000000fa11200000) (1024K)]

Stack: [0x000000fa11100000,0x000000fa11200000],  sp=0x000000fa111ff780,  free space=1021k
Native frames: (J=compiled Java code, j=interpreted, Vv=VM code, C=native code)
V  [jvm.dll+0x3627f8]
V  [jvm.dll+0x3632d5]
V  [jvm.dll+0x362fab]
V  [jvm.dll+0x36a864]
V  [jvm.dll+0x36a9db]
V  [jvm.dll+0x8cf697]
V  [jvm.dll+0x84bf8b]
V  [jvm.dll+0x6c6dcd]
C  [ucrtbase.dll+0x29333]
C  [KERNEL32.DLL+0x1259d]
C  [ntdll.dll+0x5af38]


siginfo: EXCEPTION_ACCESS_VIOLATION (0xc0000005), reading address 0x0000000000001968


Registers:
RAX=0x0000000000000000, RBX=0x000001fd7d2f3698, RCX=0x0000000000000016, RDX=0x0000000000000000
RSP=0x000000fa111ff780, RBP=0x0000000000000001, RSI=0x000001fd7d355748, RDI=0x0000000000001968
R8 =0x000001fd108fdfc0, R9 =0x00007ffd21d3de90, R10=0x00007ffd97000000, R11=0x00007ffd970015d5
R12=0x000001fd7d2f3690, R13=0x000000fa0fcfecb8, R14=0x000001fd7d355580, R15=0x0000000000000020
RIP=0x00007ffd214827f8, EFLAGS=0x0000000000010246


Register to memory mapping:

RAX=0x0 is null
RBX=0x000001fd7d2f3698 points into unknown readable memory: 0x00007ffd21b435b8 | b8 35 b4 21 fd 7f 00 00
RCX=0x0000000000000016 is an unknown value
RDX=0x0 is null
RSP=0x000000fa111ff780 points into unknown readable memory: 0x0000000000f90000 | 00 00 f9 00 00 00 00 00
RBP=0x0000000000000001 is an unknown value
RSI=0x000001fd7d355748 points into unknown readable memory: 0x0000000000001968 | 68 19 00 00 00 00 00 00
RDI=0x0000000000001968 is an unknown value
R8 =0x000001fd108fdfc0 points into unknown readable memory: 0x00007ffd21b3a5e8 | e8 a5 b3 21 fd 7f 00 00
R9 =0x00007ffd21d3de90 jvm.dll
R10=0x00007ffd97000000 VCRUNTIME140.dll
R11=0x00007ffd970015d5 VCRUNTIME140.dll
R12=0x000001fd7d2f3690 points into unknown readable memory: 0x00007ffd21b43600 | 00 36 b4 21 fd 7f 00 00
R13=0x000000fa0fcfecb8 points into unknown readable memory: 0x000001fd108f2620 | 20 26 8f 10 fd 01 00 00
R14=0x000001fd7d355580 points into unknown readable memory: 0x0000000620850540 | 40 05 85 20 06 00 00 00
R15=0x0000000000000020 is an unknown value

Top of Stack: (sp=0x000000fa111ff780)
0x000000fa111ff780:   0000000000f90000 0000000000000001
0x000000fa111ff790:   0000000000000000 0000000000000070
0x000000fa111ff7a0:   0000000000000004 00007ffd214832d5
0x000000fa111ff7b0:   000001fd7d2f3698 1c00000000000000
0x000000fa111ff7c0:   000001fd7c9f0f90 00007ffd21b3ecb0
0x000000fa111ff7d0:   0000000000000000 000000fa111ff850
0x000000fa111ff7e0:   0000000000000007 000001fd7c995910
0x000000fa111ff7f0:   000000fa0fcfebb0 0000000000000000
0x000000fa111ff800:   00007ffd21b3ebc0 0000000000f9203d
0x000000fa111ff810:   0000000000000000 00007ffd0000000b
0x000000fa111ff820:   000001fd7c995910 0000000000000007
0x000000fa111ff830:   0000000000000000 0000000000000000
0x000000fa111ff840:   0000000000000000 0000000000000000
0x000000fa111ff850:   00007ffd21b3ebc0 0000000000f91f00
0x000000fa111ff860:   0000000000000001 0000000000000002
0x000000fa111ff870:   0000000000000000 0000c44dd0346a09
0x000000fa111ff880:   0000000000000000 000001fd3641be20
0x000000fa111ff890:   000001fd7c995910 00000000000003d8
0x000000fa111ff8a0:   000001fd3641c208 000001fd7d2f3690
0x000000fa111ff8b0:   000000fa0fcfebb0 0000000000000007
0x000000fa111ff8c0:   000001fd7d352100 00007ffd21482fab
0x000000fa111ff8d0:   000001fd7d352100 0000000000000007
0x000000fa111ff8e0:   000000fa0fcfebb0 0000000000000007
0x000000fa111ff8f0:   0000000000000007 0000000000000008
0x000000fa111ff900:   0000000000000005 00007ffd211d0000
0x000000fa111ff910:   0000000000000000 00007ffd217daac1
0x000000fa111ff920:   0000000000000008 00000000000001e8
0x000000fa111ff930:   0000000000000001 00007ffd211dcade
0x000000fa111ff940:   0000000000000005 00007ffd211df516
0x000000fa111ff950:   0000000000000000 0000000000000008
0x000000fa111ff960:   00007ffd21b3ebd0 0000000000f91f99
0x000000fa111ff970:   0000000000000000 00007ffd00000003 

Instructions: (pc=0x00007ffd214827f8)
0x00007ffd214826f8:   d3 e2 4c 03 15 9f a8 8b 00 49 8b c2 41 8b 88 b0
0x00007ffd21482708:   05 00 00 49 8b 90 a0 05 00 00 48 d3 e8 0f b7 14
0x00007ffd21482718:   42 0f b7 c2 66 c1 e8 08 84 c0 78 3a 4d 8b 02 41
0x00007ffd21482728:   0f b6 c0 24 03 3c 03 75 06 49 83 e0 fc eb 12 48
0x00007ffd21482738:   8b 4b 10 4d 8b c8 4d 8b c2 e8 6a 1c ff ff 4c 8b
0x00007ffd21482748:   c0 4c 2b 05 50 a8 8b 00 8b 0d 52 a8 8b 00 49 d3
0x00007ffd21482758:   e8 44 89 07 eb 37 3c fd 75 33 41 8b 88 18 02 00
0x00007ffd21482768:   00 49 8b 80 10 02 00 00 48 d3 e0 8b 0d 57 7a 92
0x00007ffd21482778:   00 4c 2b d0 49 8b 80 90 05 00 00 49 d3 ea 41 8b
0x00007ffd21482788:   ca 80 7c 48 01 fd 75 05 c6 44 48 01 ff 48 8b 4b
0x00007ffd21482798:   10 e8 c2 f5 fe ff 48 8b 5c 24 30 48 83 c4 20 5f
0x00007ffd214827a8:   c3 cc cc cc cc cc cc cc 48 89 5c 24 08 48 89 74
0x00007ffd214827b8:   24 10 57 48 83 ec 20 48 8b 3a 48 8b f2 48 8b d9
0x00007ffd214827c8:   48 85 ff 0f 84 b6 00 00 00 4c 8b 41 08 48 8b c7
0x00007ffd214827d8:   41 8b 88 b0 05 00 00 49 8b 90 a0 05 00 00 48 d3
0x00007ffd214827e8:   e8 0f b7 14 42 0f b7 c2 66 c1 e8 08 84 c0 78 2c
0x00007ffd214827f8:   48 8b 0f 0f b6 c1 24 03 3c 03 75 09 48 83 e1 fc
0x00007ffd21482808:   48 89 0e eb 71 4c 8b c9 4c 8b c7 48 8b 4b 10 e8
0x00007ffd21482818:   94 1b ff ff 48 8b c8 48 89 06 eb 5a 3c fd 75 37
0x00007ffd21482828:   41 8b 88 18 02 00 00 48 8b d7 49 8b 80 10 02 00
0x00007ffd21482838:   00 48 d3 e0 8b 0d 8e 79 92 00 48 2b d0 49 8b 80
0x00007ffd21482848:   90 05 00 00 48 d3 ea 8b ca 80 7c 48 01 fd 75 17
0x00007ffd21482858:   c6 44 48 01 ff eb 10 3c fc 75 0c 48 8b 4b 10 48
0x00007ffd21482868:   8b d6 e8 a1 f3 ff ff 8b 53 18 4c 8b c7 48 8b 4b
0x00007ffd21482878:   28 e8 62 5a fb ff 48 8b 4b 10 e8 d9 f4 fe ff 48
0x00007ffd21482888:   8b 5c 24 30 48 8b 74 24 38 48 83 c4 20 5f c3 cc
0x00007ffd21482898:   cc cc cc cc cc cc cc cc 48 89 5c 24 10 56 48 83
0x00007ffd214828a8:   ec 20 8b 02 48 8b f2 48 8b d9 85 c0 0f 84 e0 00
0x00007ffd214828b8:   00 00 8b 0d e8 a6 8b 00 4c 8b 43 08 48 89 7c 24
0x00007ffd214828c8:   30 8b f8 48 d3 e7 48 03 3d cb a6 8b 00 41 8b 88
0x00007ffd214828d8:   b0 05 00 00 48 8b c7 49 8b 90 a0 05 00 00 48 d3
0x00007ffd214828e8:   e8 0f b7 14 42 0f b7 c2 66 c1 e8 08 84 c0 78 3a 


Stack slot to memory mapping:

stack at sp + 0 slots: 0x0000000000f90000 is an unknown value
stack at sp + 1 slots: 0x0000000000000001 is an unknown value
stack at sp + 2 slots: 0x0 is null
stack at sp + 3 slots: 0x0000000000000070 is an unknown value
stack at sp + 4 slots: 0x0000000000000004 is an unknown value
stack at sp + 5 slots: 0x00007ffd214832d5 jvm.dll
stack at sp + 6 slots: 0x000001fd7d2f3698 points into unknown readable memory: 0x00007ffd21b435b8 | b8 35 b4 21 fd 7f 00 00
stack at sp + 7 slots: 0x1c00000000000000 is an unknown value


---------------  P R O C E S S  ---------------

Threads class SMR info:
_java_thread_list=0x000001fd7d1ad9d0, length=20, elements={
0x000001fd0e520870, 0x000001fd32fc80e0, 0x000001fd32fca1c0, 0x000001fd32fcc3a0,
0x000001fd36382060, 0x000001fd36383080, 0x000001fd36386ea0, 0x000001fd363854e0,
0x000001fd363bd360, 0x000001fd36380090, 0x000001fd363bfc40, 0x000001fd363c09e0,
0x000001fd7c08f800, 0x000001fd7c093750, 0x000001fd7ca9bb00, 0x000001fd7ca5abd0,
0x000001fd7c9f0f90, 0x000001fd7d029440, 0x000001fd7d253300, 0x000001fd7d2546b0
}

Java Threads: ( => current thread )
  0x000001fd0e520870 JavaThread "main"                              [_thread_blocked, id=18776, stack(0x000000fa0f500000,0x000000fa0f600000) (1024K)]
  0x000001fd32fc80e0 JavaThread "Reference Handler"          daemon [_thread_blocked, id=39528, stack(0x000000fa0fd00000,0x000000fa0fe00000) (1024K)]
  0x000001fd32fca1c0 JavaThread "Finalizer"                  daemon [_thread_blocked, id=14140, stack(0x000000fa0fe00000,0x000000fa0ff00000) (1024K)]
  0x000001fd32fcc3a0 JavaThread "Signal Dispatcher"          daemon [_thread_blocked, id=11164, stack(0x000000fa0ff00000,0x000000fa10000000) (1024K)]
  0x000001fd36382060 JavaThread "Attach Listener"            daemon [_thread_blocked, id=43276, stack(0x000000fa10000000,0x000000fa10100000) (1024K)]
  0x000001fd36383080 JavaThread "Service Thread"             daemon [_thread_blocked, id=42908, stack(0x000000fa10100000,0x000000fa10200000) (1024K)]
  0x000001fd36386ea0 JavaThread "Monitor Deflation Thread"   daemon [_thread_blocked, id=42028, stack(0x000000fa10200000,0x000000fa10300000) (1024K)]
  0x000001fd363854e0 JavaThread "C2 CompilerThread0"         daemon [_thread_blocked, id=10220, stack(0x000000fa10300000,0x000000fa10400000) (1024K)]
  0x000001fd363bd360 JavaThread "C1 CompilerThread0"         daemon [_thread_blocked, id=41808, stack(0x000000fa10400000,0x000000fa10500000) (1024K)]
  0x000001fd36380090 JavaThread "Common-Cleaner"             daemon [_thread_blocked, id=41020, stack(0x000000fa10500000,0x000000fa10600000) (1024K)]
  0x000001fd363bfc40 JavaThread "C1 CompilerThread1"         daemon [_thread_blocked, id=35000, stack(0x000000fa10600000,0x000000fa10700000) (1024K)]
  0x000001fd363c09e0 JavaThread "C2 CompilerThread1"         daemon [_thread_blocked, id=17164, stack(0x000000fa10800000,0x000000fa10900000) (1024K)]
  0x000001fd7c08f800 JavaThread "Monitor Ctrl-Break"         daemon [_thread_in_native, id=11800, stack(0x000000fa10a00000,0x000000fa10b00000) (1024K)]
  0x000001fd7c093750 JavaThread "Notification Thread"        daemon [_thread_blocked, id=41272, stack(0x000000fa10b00000,0x000000fa10c00000) (1024K)]
  0x000001fd7ca9bb00 JavaThread "AMQP Connection 89.58.62.51:5672"        [_thread_in_native, id=42608, stack(0x000000fa10d00000,0x000000fa10e00000) (1024K)]
  0x000001fd7ca5abd0 JavaThread "pool-1-thread-2"                   [_thread_blocked, id=42100, stack(0x000000fa10e00000,0x000000fa10f00000) (1024K)]
  0x000001fd7c9f0f90 JavaThread "pool-1-thread-3"                   [_thread_blocked, id=42968, stack(0x000000fa10900000,0x000000fa10a00000) (1024K)]
  0x000001fd7d029440 JavaThread "lava-daemon-pool-manager-3-thread-1" daemon [_thread_blocked, id=29344, stack(0x000000fa11b00000,0x000000fa11c00000) (1024K)]
  0x000001fd7d253300 JavaThread "DefaultDispatcher-worker-1" daemon [_thread_blocked, id=42652, stack(0x000000fa10700000,0x000000fa10800000) (1024K)]
  0x000001fd7d2546b0 JavaThread "DefaultDispatcher-worker-2" daemon [_thread_blocked, id=11756, stack(0x000000fa12100000,0x000000fa12200000) (1024K)]
Total: 20

Other Threads:
  0x000001fd32fb0820 VMThread "VM Thread"                           [id=42072, stack(0x000000fa0fc00000,0x000000fa0fd00000) (1024K)]
  0x000001fd32f99b50 WatcherThread "VM Periodic Task Thread"        [id=20140, stack(0x000000fa0fb00000,0x000000fa0fc00000) (1024K)]
  0x000001fd10958780 WorkerThread "GC Thread#0"                     [id=42416, stack(0x000000fa0f600000,0x000000fa0f700000) (1024K)]
  0x000001fd7cafca30 WorkerThread "GC Thread#1"                     [id=40572, stack(0x000000fa10f00000,0x000000fa11000000) (1024K)]
  0x000001fd7cafcdd0 WorkerThread "GC Thread#2"                     [id=41996, stack(0x000000fa11000000,0x000000fa11100000) (1024K)]
=>0x000001fd7cafd170 WorkerThread "GC Thread#3"                     [id=42844, stack(0x000000fa11100000,0x000000fa11200000) (1024K)]
  0x000001fd7caede00 WorkerThread "GC Thread#4"                     [id=11036, stack(0x000000fa11200000,0x000000fa11300000) (1024K)]
  0x000001fd7caee1a0 WorkerThread "GC Thread#5"                     [id=43224, stack(0x000000fa11300000,0x000000fa11400000) (1024K)]
  0x000001fd7caee540 WorkerThread "GC Thread#6"                     [id=43240, stack(0x000000fa11400000,0x000000fa11500000) (1024K)]
  0x000001fd7caee8e0 WorkerThread "GC Thread#7"                     [id=41184, stack(0x000000fa11500000,0x000000fa11600000) (1024K)]
  0x000001fd7caef950 WorkerThread "GC Thread#8"                     [id=43056, stack(0x000000fa11600000,0x000000fa11700000) (1024K)]
  0x000001fd7caf1d00 WorkerThread "GC Thread#9"                     [id=40620, stack(0x000000fa11700000,0x000000fa11800000) (1024K)]
  0x000001fd7caea160 WorkerThread "GC Thread#10"                    [id=40912, stack(0x000000fa11800000,0x000000fa11900000) (1024K)]
  0x000001fd7caea980 WorkerThread "GC Thread#11"                    [id=36236, stack(0x000000fa11900000,0x000000fa11a00000) (1024K)]
  0x000001fd10969690 ConcurrentGCThread "G1 Main Marker"            [id=41168, stack(0x000000fa0f700000,0x000000fa0f800000) (1024K)]
  0x000001fd1096a4a0 WorkerThread "G1 Conc#0"                       [id=37128, stack(0x000000fa0f800000,0x000000fa0f900000) (1024K)]
  0x000001fd32edcbf0 ConcurrentGCThread "G1 Refine#0"               [id=43512, stack(0x000000fa0f900000,0x000000fa0fa00000) (1024K)]
  0x000001fd32edd570 ConcurrentGCThread "G1 Service"                [id=18728, stack(0x000000fa0fa00000,0x000000fa0fb00000) (1024K)]
Total: 18

Threads with active compile tasks:
C2 CompilerThread1     1669 2307   !   4       jdk.internal.loader.BuiltinClassLoader::loadClassOrNull (143 bytes)
Total: 1

VM state: at safepoint (normal execution)

VM Mutex/Monitor currently owned by a thread:  ([mutex/lock_event])
[0x00007ffd21dc2128] Threads_lock - owner thread: 0x000001fd32fb0820
[0x00007ffd21dc2228] Heap_lock - owner thread: 0x000001fd0e520870

Heap address: 0x0000000602800000, size: 8152 MB, Compressed Oops mode: Zero based, Oop shift amount: 3

CDS archive(s) mapped at: [0x000001fd37000000-0x000001fd37c90000-0x000001fd37c90000), size 13172736, SharedBaseAddress: 0x000001fd37000000, ArchiveRelocationMode: 1.
Compressed class space mapped at: 0x000001fd38000000-0x000001fd78000000, reserved size: 1073741824
Narrow klass base: 0x000001fd37000000, Narrow klass shift: 0, Narrow klass range: 0x100000000

GC Precious Log:
 CardTable entry size: 512
 Card Set container configuration: InlinePtr #cards 4 size 8 Array Of Cards #cards 32 size 80 Howl #buckets 8 coarsen threshold 7372 Howl Bitmap #cards 1024 size 144 coarsen threshold 921 Card regions per heap region 1 cards per card region 8192
 CPUs: 24 total, 24 available
 Memory: 32601M
 Large Page Support: Disabled
 NUMA Support: Disabled
 Compressed Oops: Enabled (Zero based)
 Heap Region Size: 4M
 Heap Min Capacity: 8M
 Heap Initial Capacity: 512M
 Heap Max Capacity: 8152M
 Pre-touch: Disabled
 Parallel Workers: 18
 Concurrent Workers: 5
 Concurrent Refinement Workers: 18
 Periodic GC: Disabled

Heap:
 garbage-first heap   total 524288K, used 34965K [0x0000000602800000, 0x0000000800000000)
  region size 4096K, 10 young (40960K), 3 survivors (12288K)
 Metaspace       used 21299K, committed 21504K, reserved 1114112K
  class space    used 2557K, committed 2624K, reserved 1048576K

Heap Regions: E=young(eden), S=young(survivor), O=old, HS=humongous(starts), HC=humongous(continues), CS=collection set, F=free, TAMS=top-at-mark-start, PB=parsable bottom
|   0|0x0000000602800000, 0x000000060287c010, 0x0000000602c00000| 12%| O|  |TAMS 0x000000060287c010| PB 0x0000000602800000| Untracked 
|   1|0x0000000602c00000, 0x0000000602c00000, 0x0000000603000000|  0%| F|  |TAMS 0x0000000602c00000| PB 0x0000000602c00000| Untracked 
|   2|0x0000000603000000, 0x0000000603000000, 0x0000000603400000|  0%| F|  |TAMS 0x0000000603000000| PB 0x0000000603000000| Untracked 
|   3|0x0000000603400000, 0x0000000603400000, 0x0000000603800000|  0%| F|  |TAMS 0x0000000603400000| PB 0x0000000603400000| Untracked 
|   4|0x0000000603800000, 0x0000000603800000, 0x0000000603c00000|  0%| F|  |TAMS 0x0000000603800000| PB 0x0000000603800000| Untracked 
|   5|0x0000000603c00000, 0x0000000603c00000, 0x0000000604000000|  0%| F|  |TAMS 0x0000000603c00000| PB 0x0000000603c00000| Untracked 
|   6|0x0000000604000000, 0x0000000604000000, 0x0000000604400000|  0%| F|  |TAMS 0x0000000604000000| PB 0x0000000604000000| Untracked 
|   7|0x0000000604400000, 0x0000000604400000, 0x0000000604800000|  0%| F|  |TAMS 0x0000000604400000| PB 0x0000000604400000| Untracked 
|   8|0x0000000604800000, 0x0000000604800000, 0x0000000604c00000|  0%| F|  |TAMS 0x0000000604800000| PB 0x0000000604800000| Untracked 
|   9|0x0000000604c00000, 0x0000000604c00000, 0x0000000605000000|  0%| F|  |TAMS 0x0000000604c00000| PB 0x0000000604c00000| Untracked 
|  10|0x0000000605000000, 0x0000000605000000, 0x0000000605400000|  0%| F|  |TAMS 0x0000000605000000| PB 0x0000000605000000| Untracked 
|  11|0x0000000605400000, 0x0000000605400000, 0x0000000605800000|  0%| F|  |TAMS 0x0000000605400000| PB 0x0000000605400000| Untracked 
|  12|0x0000000605800000, 0x0000000605800000, 0x0000000605c00000|  0%| F|  |TAMS 0x0000000605800000| PB 0x0000000605800000| Untracked 
|  13|0x0000000605c00000, 0x0000000605c00000, 0x0000000606000000|  0%| F|  |TAMS 0x0000000605c00000| PB 0x0000000605c00000| Untracked 
|  14|0x0000000606000000, 0x0000000606000000, 0x0000000606400000|  0%| F|  |TAMS 0x0000000606000000| PB 0x0000000606000000| Untracked 
|  15|0x0000000606400000, 0x0000000606400000, 0x0000000606800000|  0%| F|  |TAMS 0x0000000606400000| PB 0x0000000606400000| Untracked 
|  16|0x0000000606800000, 0x0000000606800000, 0x0000000606c00000|  0%| F|  |TAMS 0x0000000606800000| PB 0x0000000606800000| Untracked 
|  17|0x0000000606c00000, 0x0000000606c00000, 0x0000000607000000|  0%| F|  |TAMS 0x0000000606c00000| PB 0x0000000606c00000| Untracked 
|  18|0x0000000607000000, 0x0000000607000000, 0x0000000607400000|  0%| F|  |TAMS 0x0000000607000000| PB 0x0000000607000000| Untracked 
|  19|0x0000000607400000, 0x0000000607400000, 0x0000000607800000|  0%| F|  |TAMS 0x0000000607400000| PB 0x0000000607400000| Untracked 
|  20|0x0000000607800000, 0x0000000607800000, 0x0000000607c00000|  0%| F|  |TAMS 0x0000000607800000| PB 0x0000000607800000| Untracked 
|  21|0x0000000607c00000, 0x0000000607c00000, 0x0000000608000000|  0%| F|  |TAMS 0x0000000607c00000| PB 0x0000000607c00000| Untracked 
|  22|0x0000000608000000, 0x0000000608000000, 0x0000000608400000|  0%| F|  |TAMS 0x0000000608000000| PB 0x0000000608000000| Untracked 
|  23|0x0000000608400000, 0x0000000608400000, 0x0000000608800000|  0%| F|  |TAMS 0x0000000608400000| PB 0x0000000608400000| Untracked 
|  24|0x0000000608800000, 0x0000000608800000, 0x0000000608c00000|  0%| F|  |TAMS 0x0000000608800000| PB 0x0000000608800000| Untracked 
|  25|0x0000000608c00000, 0x0000000608c00000, 0x0000000609000000|  0%| F|  |TAMS 0x0000000608c00000| PB 0x0000000608c00000| Untracked 
|  26|0x0000000609000000, 0x0000000609000000, 0x0000000609400000|  0%| F|  |TAMS 0x0000000609000000| PB 0x0000000609000000| Untracked 
|  27|0x0000000609400000, 0x0000000609400000, 0x0000000609800000|  0%| F|  |TAMS 0x0000000609400000| PB 0x0000000609400000| Untracked 
|  28|0x0000000609800000, 0x0000000609800000, 0x0000000609c00000|  0%| F|  |TAMS 0x0000000609800000| PB 0x0000000609800000| Untracked 
|  29|0x0000000609c00000, 0x0000000609c00000, 0x000000060a000000|  0%| F|  |TAMS 0x0000000609c00000| PB 0x0000000609c00000| Untracked 
|  30|0x000000060a000000, 0x000000060a000000, 0x000000060a400000|  0%| F|  |TAMS 0x000000060a000000| PB 0x000000060a000000| Untracked 
|  31|0x000000060a400000, 0x000000060a400000, 0x000000060a800000|  0%| F|  |TAMS 0x000000060a400000| PB 0x000000060a400000| Untracked 
|  32|0x000000060a800000, 0x000000060a800000, 0x000000060ac00000|  0%| F|  |TAMS 0x000000060a800000| PB 0x000000060a800000| Untracked 
|  33|0x000000060ac00000, 0x000000060ac00000, 0x000000060b000000|  0%| F|  |TAMS 0x000000060ac00000| PB 0x000000060ac00000| Untracked 
|  34|0x000000060b000000, 0x000000060b000000, 0x000000060b400000|  0%| F|  |TAMS 0x000000060b000000| PB 0x000000060b000000| Untracked 
|  35|0x000000060b400000, 0x000000060b400000, 0x000000060b800000|  0%| F|  |TAMS 0x000000060b400000| PB 0x000000060b400000| Untracked 
|  36|0x000000060b800000, 0x000000060b800000, 0x000000060bc00000|  0%| F|  |TAMS 0x000000060b800000| PB 0x000000060b800000| Untracked 
|  37|0x000000060bc00000, 0x000000060bc00000, 0x000000060c000000|  0%| F|  |TAMS 0x000000060bc00000| PB 0x000000060bc00000| Untracked 
|  38|0x000000060c000000, 0x000000060c000000, 0x000000060c400000|  0%| F|  |TAMS 0x000000060c000000| PB 0x000000060c000000| Untracked 
|  39|0x000000060c400000, 0x000000060c400000, 0x000000060c800000|  0%| F|  |TAMS 0x000000060c400000| PB 0x000000060c400000| Untracked 
|  40|0x000000060c800000, 0x000000060c800000, 0x000000060cc00000|  0%| F|  |TAMS 0x000000060c800000| PB 0x000000060c800000| Untracked 
|  41|0x000000060cc00000, 0x000000060cc00000, 0x000000060d000000|  0%| F|  |TAMS 0x000000060cc00000| PB 0x000000060cc00000| Untracked 
|  42|0x000000060d000000, 0x000000060d000000, 0x000000060d400000|  0%| F|  |TAMS 0x000000060d000000| PB 0x000000060d000000| Untracked 
|  43|0x000000060d400000, 0x000000060d400000, 0x000000060d800000|  0%| F|  |TAMS 0x000000060d400000| PB 0x000000060d400000| Untracked 
|  44|0x000000060d800000, 0x000000060d800000, 0x000000060dc00000|  0%| F|  |TAMS 0x000000060d800000| PB 0x000000060d800000| Untracked 
|  45|0x000000060dc00000, 0x000000060dc00000, 0x000000060e000000|  0%| F|  |TAMS 0x000000060dc00000| PB 0x000000060dc00000| Untracked 
|  46|0x000000060e000000, 0x000000060e000000, 0x000000060e400000|  0%| F|  |TAMS 0x000000060e000000| PB 0x000000060e000000| Untracked 
|  47|0x000000060e400000, 0x000000060e400000, 0x000000060e800000|  0%| F|  |TAMS 0x000000060e400000| PB 0x000000060e400000| Untracked 
|  48|0x000000060e800000, 0x000000060e800000, 0x000000060ec00000|  0%| F|  |TAMS 0x000000060e800000| PB 0x000000060e800000| Untracked 
|  49|0x000000060ec00000, 0x000000060ec00000, 0x000000060f000000|  0%| F|  |TAMS 0x000000060ec00000| PB 0x000000060ec00000| Untracked 
|  50|0x000000060f000000, 0x000000060f000000, 0x000000060f400000|  0%| F|  |TAMS 0x000000060f000000| PB 0x000000060f000000| Untracked 
|  51|0x000000060f400000, 0x000000060f400000, 0x000000060f800000|  0%| F|  |TAMS 0x000000060f400000| PB 0x000000060f400000| Untracked 
|  52|0x000000060f800000, 0x000000060f800000, 0x000000060fc00000|  0%| F|  |TAMS 0x000000060f800000| PB 0x000000060f800000| Untracked 
|  53|0x000000060fc00000, 0x000000060fc00000, 0x0000000610000000|  0%| F|  |TAMS 0x000000060fc00000| PB 0x000000060fc00000| Untracked 
|  54|0x0000000610000000, 0x0000000610000000, 0x0000000610400000|  0%| F|  |TAMS 0x0000000610000000| PB 0x0000000610000000| Untracked 
|  55|0x0000000610400000, 0x0000000610400000, 0x0000000610800000|  0%| F|  |TAMS 0x0000000610400000| PB 0x0000000610400000| Untracked 
|  56|0x0000000610800000, 0x0000000610800000, 0x0000000610c00000|  0%| F|  |TAMS 0x0000000610800000| PB 0x0000000610800000| Untracked 
|  57|0x0000000610c00000, 0x0000000610c00000, 0x0000000611000000|  0%| F|  |TAMS 0x0000000610c00000| PB 0x0000000610c00000| Untracked 
|  58|0x0000000611000000, 0x0000000611000000, 0x0000000611400000|  0%| F|  |TAMS 0x0000000611000000| PB 0x0000000611000000| Untracked 
|  59|0x0000000611400000, 0x0000000611400000, 0x0000000611800000|  0%| F|  |TAMS 0x0000000611400000| PB 0x0000000611400000| Untracked 
|  60|0x0000000611800000, 0x0000000611800000, 0x0000000611c00000|  0%| F|  |TAMS 0x0000000611800000| PB 0x0000000611800000| Untracked 
|  61|0x0000000611c00000, 0x0000000611c00000, 0x0000000612000000|  0%| F|  |TAMS 0x0000000611c00000| PB 0x0000000611c00000| Untracked 
|  62|0x0000000612000000, 0x0000000612000000, 0x0000000612400000|  0%| F|  |TAMS 0x0000000612000000| PB 0x0000000612000000| Untracked 
|  63|0x0000000612400000, 0x0000000612400000, 0x0000000612800000|  0%| F|  |TAMS 0x0000000612400000| PB 0x0000000612400000| Untracked 
|  64|0x0000000612800000, 0x0000000612800000, 0x0000000612c00000|  0%| F|  |TAMS 0x0000000612800000| PB 0x0000000612800000| Untracked 
|  65|0x0000000612c00000, 0x0000000612c00000, 0x0000000613000000|  0%| F|  |TAMS 0x0000000612c00000| PB 0x0000000612c00000| Untracked 
|  66|0x0000000613000000, 0x0000000613000000, 0x0000000613400000|  0%| F|  |TAMS 0x0000000613000000| PB 0x0000000613000000| Untracked 
|  67|0x0000000613400000, 0x0000000613400000, 0x0000000613800000|  0%| F|  |TAMS 0x0000000613400000| PB 0x0000000613400000| Untracked 
|  68|0x0000000613800000, 0x0000000613800000, 0x0000000613c00000|  0%| F|  |TAMS 0x0000000613800000| PB 0x0000000613800000| Untracked 
|  69|0x0000000613c00000, 0x0000000613c00000, 0x0000000614000000|  0%| F|  |TAMS 0x0000000613c00000| PB 0x0000000613c00000| Untracked 
|  70|0x0000000614000000, 0x0000000614000000, 0x0000000614400000|  0%| F|  |TAMS 0x0000000614000000| PB 0x0000000614000000| Untracked 
|  71|0x0000000614400000, 0x0000000614400000, 0x0000000614800000|  0%| F|  |TAMS 0x0000000614400000| PB 0x0000000614400000| Untracked 
|  72|0x0000000614800000, 0x0000000614800000, 0x0000000614c00000|  0%| F|  |TAMS 0x0000000614800000| PB 0x0000000614800000| Untracked 
|  73|0x0000000614c00000, 0x0000000614c00000, 0x0000000615000000|  0%| F|  |TAMS 0x0000000614c00000| PB 0x0000000614c00000| Untracked 
|  74|0x0000000615000000, 0x0000000615000000, 0x0000000615400000|  0%| F|  |TAMS 0x0000000615000000| PB 0x0000000615000000| Untracked 
|  75|0x0000000615400000, 0x0000000615400000, 0x0000000615800000|  0%| F|  |TAMS 0x0000000615400000| PB 0x0000000615400000| Untracked 
|  76|0x0000000615800000, 0x0000000615800000, 0x0000000615c00000|  0%| F|  |TAMS 0x0000000615800000| PB 0x0000000615800000| Untracked 
|  77|0x0000000615c00000, 0x0000000615c00000, 0x0000000616000000|  0%| F|  |TAMS 0x0000000615c00000| PB 0x0000000615c00000| Untracked 
|  78|0x0000000616000000, 0x0000000616000000, 0x0000000616400000|  0%| F|  |TAMS 0x0000000616000000| PB 0x0000000616000000| Untracked 
|  79|0x0000000616400000, 0x0000000616400000, 0x0000000616800000|  0%| F|  |TAMS 0x0000000616400000| PB 0x0000000616400000| Untracked 
|  80|0x0000000616800000, 0x0000000616800000, 0x0000000616c00000|  0%| F|  |TAMS 0x0000000616800000| PB 0x0000000616800000| Untracked 
|  81|0x0000000616c00000, 0x0000000616c00000, 0x0000000617000000|  0%| F|  |TAMS 0x0000000616c00000| PB 0x0000000616c00000| Untracked 
|  82|0x0000000617000000, 0x0000000617000000, 0x0000000617400000|  0%| F|  |TAMS 0x0000000617000000| PB 0x0000000617000000| Untracked 
|  83|0x0000000617400000, 0x0000000617400000, 0x0000000617800000|  0%| F|  |TAMS 0x0000000617400000| PB 0x0000000617400000| Untracked 
|  84|0x0000000617800000, 0x0000000617800000, 0x0000000617c00000|  0%| F|  |TAMS 0x0000000617800000| PB 0x0000000617800000| Untracked 
|  85|0x0000000617c00000, 0x0000000617c00000, 0x0000000618000000|  0%| F|  |TAMS 0x0000000617c00000| PB 0x0000000617c00000| Untracked 
|  86|0x0000000618000000, 0x0000000618000000, 0x0000000618400000|  0%| F|  |TAMS 0x0000000618000000| PB 0x0000000618000000| Untracked 
|  87|0x0000000618400000, 0x0000000618400000, 0x0000000618800000|  0%| F|  |TAMS 0x0000000618400000| PB 0x0000000618400000| Untracked 
|  88|0x0000000618800000, 0x0000000618800000, 0x0000000618c00000|  0%| F|  |TAMS 0x0000000618800000| PB 0x0000000618800000| Untracked 
|  89|0x0000000618c00000, 0x0000000618c00000, 0x0000000619000000|  0%| F|  |TAMS 0x0000000618c00000| PB 0x0000000618c00000| Untracked 
|  90|0x0000000619000000, 0x0000000619000000, 0x0000000619400000|  0%| F|  |TAMS 0x0000000619000000| PB 0x0000000619000000| Untracked 
|  91|0x0000000619400000, 0x0000000619400000, 0x0000000619800000|  0%| F|  |TAMS 0x0000000619400000| PB 0x0000000619400000| Untracked 
|  92|0x0000000619800000, 0x0000000619800000, 0x0000000619c00000|  0%| F|  |TAMS 0x0000000619800000| PB 0x0000000619800000| Untracked 
|  93|0x0000000619c00000, 0x0000000619c00000, 0x000000061a000000|  0%| F|  |TAMS 0x0000000619c00000| PB 0x0000000619c00000| Untracked 
|  94|0x000000061a000000, 0x000000061a000000, 0x000000061a400000|  0%| F|  |TAMS 0x000000061a000000| PB 0x000000061a000000| Untracked 
|  95|0x000000061a400000, 0x000000061a400000, 0x000000061a800000|  0%| F|  |TAMS 0x000000061a400000| PB 0x000000061a400000| Untracked 
|  96|0x000000061a800000, 0x000000061a800000, 0x000000061ac00000|  0%| F|  |TAMS 0x000000061a800000| PB 0x000000061a800000| Untracked 
|  97|0x000000061ac00000, 0x000000061ac00000, 0x000000061b000000|  0%| F|  |TAMS 0x000000061ac00000| PB 0x000000061ac00000| Untracked 
|  98|0x000000061b000000, 0x000000061b000000, 0x000000061b400000|  0%| F|  |TAMS 0x000000061b000000| PB 0x000000061b000000| Untracked 
|  99|0x000000061b400000, 0x000000061b400000, 0x000000061b800000|  0%| F|  |TAMS 0x000000061b400000| PB 0x000000061b400000| Untracked 
| 100|0x000000061b800000, 0x000000061b800000, 0x000000061bc00000|  0%| F|  |TAMS 0x000000061b800000| PB 0x000000061b800000| Untracked 
| 101|0x000000061bc00000, 0x000000061bc00000, 0x000000061c000000|  0%| F|  |TAMS 0x000000061bc00000| PB 0x000000061bc00000| Untracked 
| 102|0x000000061c000000, 0x000000061c000000, 0x000000061c400000|  0%| F|  |TAMS 0x000000061c000000| PB 0x000000061c000000| Untracked 
| 103|0x000000061c400000, 0x000000061c400000, 0x000000061c800000|  0%| F|  |TAMS 0x000000061c400000| PB 0x000000061c400000| Untracked 
| 104|0x000000061c800000, 0x000000061c800000, 0x000000061cc00000|  0%| F|  |TAMS 0x000000061c800000| PB 0x000000061c800000| Untracked 
| 105|0x000000061cc00000, 0x000000061cc00000, 0x000000061d000000|  0%| F|  |TAMS 0x000000061cc00000| PB 0x000000061cc00000| Untracked 
| 106|0x000000061d000000, 0x000000061d000000, 0x000000061d400000|  0%| F|  |TAMS 0x000000061d000000| PB 0x000000061d000000| Untracked 
| 107|0x000000061d400000, 0x000000061d400000, 0x000000061d800000|  0%| F|  |TAMS 0x000000061d400000| PB 0x000000061d400000| Untracked 
| 108|0x000000061d800000, 0x000000061d800000, 0x000000061dc00000|  0%| F|  |TAMS 0x000000061d800000| PB 0x000000061d800000| Untracked 
| 109|0x000000061dc00000, 0x000000061dc00000, 0x000000061e000000|  0%| F|  |TAMS 0x000000061dc00000| PB 0x000000061dc00000| Untracked 
| 110|0x000000061e000000, 0x000000061e000000, 0x000000061e400000|  0%| F|  |TAMS 0x000000061e000000| PB 0x000000061e000000| Untracked 
| 111|0x000000061e400000, 0x000000061e400000, 0x000000061e800000|  0%| F|  |TAMS 0x000000061e400000| PB 0x000000061e400000| Untracked 
| 112|0x000000061e800000, 0x000000061e800000, 0x000000061ec00000|  0%| F|  |TAMS 0x000000061e800000| PB 0x000000061e800000| Untracked 
| 113|0x000000061ec00000, 0x000000061ec00000, 0x000000061f000000|  0%| F|  |TAMS 0x000000061ec00000| PB 0x000000061ec00000| Untracked 
| 114|0x000000061f000000, 0x000000061f000000, 0x000000061f400000|  0%| F|  |TAMS 0x000000061f000000| PB 0x000000061f000000| Untracked 
| 115|0x000000061f400000, 0x000000061f400000, 0x000000061f800000|  0%| F|  |TAMS 0x000000061f400000| PB 0x000000061f400000| Untracked 
| 116|0x000000061f800000, 0x000000061f9b0870, 0x000000061fc00000| 42%| S|  |TAMS 0x000000061f800000| PB 0x000000061f800000| Complete 
| 117|0x000000061fc00000, 0x000000061fda9690, 0x0000000620000000| 41%| E|CS|TAMS 0x000000061fc00000| PB 0x000000061fc00000| Complete 
| 118|0x0000000620000000, 0x0000000620400000, 0x0000000620400000|100%| E|CS|TAMS 0x0000000620000000| PB 0x0000000620000000| Complete 
| 119|0x0000000620400000, 0x0000000620800000, 0x0000000620800000|100%| S|  |TAMS 0x0000000620400000| PB 0x0000000620400000| Complete 
| 120|0x0000000620800000, 0x0000000620c00000, 0x0000000620c00000|100%| S|  |TAMS 0x0000000620800000| PB 0x0000000620800000| Complete 
| 121|0x0000000620c00000, 0x0000000621000000, 0x0000000621000000|100%| E|CS|TAMS 0x0000000620c00000| PB 0x0000000620c00000| Complete 
| 122|0x0000000621000000, 0x0000000621400000, 0x0000000621400000|100%| E|CS|TAMS 0x0000000621000000| PB 0x0000000621000000| Complete 
| 123|0x0000000621400000, 0x0000000621800000, 0x0000000621800000|100%| E|CS|TAMS 0x0000000621400000| PB 0x0000000621400000| Complete 
| 124|0x0000000621800000, 0x0000000621c00000, 0x0000000621c00000|100%| E|CS|TAMS 0x0000000621800000| PB 0x0000000621800000| Complete 
| 125|0x0000000621c00000, 0x0000000622000000, 0x0000000622000000|100%| E|CS|TAMS 0x0000000621c00000| PB 0x0000000621c00000| Complete 
| 126|0x0000000622000000, 0x0000000622400000, 0x0000000622400000|100%| E|CS|TAMS 0x0000000622000000| PB 0x0000000622000000| Complete 
| 127|0x0000000622400000, 0x0000000622800000, 0x0000000622800000|100%| E|CS|TAMS 0x0000000622400000| PB 0x0000000622400000| Complete 

Card table byte_map: [0x000001fd29d70000,0x000001fd2ad60000] _byte_map_base: 0x000001fd26d5c000

Marking Bits: (CMBitMap*) 0x000001fd10958b30
 Bits: [0x000001fd2ad60000, 0x000001fd32cc0000)

Polling page: 0x000001fd0e790000

Metaspace:

Usage:
  Non-class:     18.30 MB used.
      Class:      2.50 MB used.
       Both:     20.80 MB used.

Virtual space:
  Non-class space:       64.00 MB reserved,      18.44 MB ( 29%) committed,  1 nodes.
      Class space:        1.00 GB reserved,       2.56 MB ( <1%) committed,  1 nodes.
             Both:        1.06 GB reserved,      21.00 MB (  2%) committed. 

Chunk freelists:
   Non-Class:  12.95 MB
       Class:  13.38 MB
        Both:  26.33 MB

MaxMetaspaceSize: unlimited
CompressedClassSpaceSize: 1.00 GB
Initial GC threshold: 21.00 MB
Current GC threshold: 21.00 MB
CDS: on
 - commit_granule_bytes: 65536.
 - commit_granule_words: 8192.
 - virtual_space_node_default_size: 8388608.
 - enlarge_chunks_in_place: 1.
 - use_allocation_guard: 0.


Internal statistics:

num_allocs_failed_limit: 3.
num_arena_births: 242.
num_arena_deaths: 0.
num_vsnodes_births: 2.
num_vsnodes_deaths: 0.
num_space_committed: 336.
num_space_uncommitted: 0.
num_chunks_returned_to_freelist: 3.
num_chunks_taken_from_freelist: 825.
num_chunk_merges: 3.
num_chunk_splits: 602.
num_chunks_enlarged: 476.
num_inconsistent_stats: 0.

CodeHeap 'non-profiled nmethods': size=119168Kb used=883Kb max_used=883Kb free=118284Kb
 bounds [0x000001fd20b50000, 0x000001fd20dc0000, 0x000001fd27fb0000]
CodeHeap 'profiled nmethods': size=119104Kb used=4449Kb max_used=4449Kb free=114654Kb
 bounds [0x000001fd18fb0000, 0x000001fd19410000, 0x000001fd20400000]
CodeHeap 'non-nmethods': size=7488Kb used=2093Kb max_used=3211Kb free=5394Kb
 bounds [0x000001fd20400000, 0x000001fd20730000, 0x000001fd20b50000]
 total_blobs=2937 nmethods=2337 adapters=503
 compilation: enabled
              stopped_count=0, restarted_count=0
 full_count=0

Compilation events (20 events):
Event: 1.625 Thread 0x000001fd363bd360 2330       3       java.nio.file.FileSystems::getDefault (14 bytes)
Event: 1.626 Thread 0x000001fd363bd360 nmethod 2330 0x000001fd19405590 code [0x000001fd19405760, 0x000001fd19405a10]
Event: 1.626 Thread 0x000001fd363bd360 2331       3       java.lang.Thread::isVirtual (5 bytes)
Event: 1.626 Thread 0x000001fd363bd360 nmethod 2331 0x000001fd19405b10 code [0x000001fd19405cc0, 0x000001fd19405ec8]
Event: 1.626 Thread 0x000001fd363bd360 2332       3       io.netty.util.internal.ObjectUtil::checkNotNull (15 bytes)
Event: 1.626 Thread 0x000001fd363bd360 nmethod 2332 0x000001fd19405f90 code [0x000001fd19406140, 0x000001fd19406330]
Event: 1.627 Thread 0x000001fd363bd360 2333       3       sun.nio.fs.WindowsPath::getFileSystem (5 bytes)
Event: 1.627 Thread 0x000001fd363bd360 nmethod 2333 0x000001fd19406410 code [0x000001fd194065a0, 0x000001fd19406748]
Event: 1.627 Thread 0x000001fd363bd360 2334       3       sun.security.provider.ByteArrayAccess::i2bBig4 (10 bytes)
Event: 1.627 Thread 0x000001fd363bfc40 2335       1       sun.security.provider.DigestBase::engineGetDigestLength (5 bytes)
Event: 1.627 Thread 0x000001fd363bfc40 nmethod 2335 0x000001fd20c2c810 code [0x000001fd20c2c9a0, 0x000001fd20c2ca68]
Event: 1.627 Thread 0x000001fd363bd360 nmethod 2334 0x000001fd19406810 code [0x000001fd19406a20, 0x000001fd19406fe0]
Event: 1.629 Thread 0x000001fd363bd360 2336       3       jdk.internal.util.ArraysSupport::vectorizedMismatch (268 bytes)
Event: 1.629 Thread 0x000001fd363bd360 nmethod 2336 0x000001fd19407290 code [0x000001fd19407480, 0x000001fd194078d0]
Event: 1.630 Thread 0x000001fd363bd360 2337       3       java.lang.Integer::stringSize (47 bytes)
Event: 1.630 Thread 0x000001fd363bd360 nmethod 2337 0x000001fd19407a10 code [0x000001fd19407bc0, 0x000001fd19407e18]
Event: 1.631 Thread 0x000001fd363bd360 2338       3       java.lang.AbstractStringBuilder::append (55 bytes)
Event: 1.631 Thread 0x000001fd363854e0 2339       4       java.lang.AbstractStringBuilder::isLatin1 (19 bytes)
Event: 1.631 Thread 0x000001fd363bd360 nmethod 2338 0x000001fd19407f10 code [0x000001fd19408100, 0x000001fd19408458]
Event: 1.631 Thread 0x000001fd363854e0 nmethod 2339 0x000001fd20c2cb10 code [0x000001fd20c2cca0, 0x000001fd20c2cd50]

GC Heap History (5 events):
Event: 0.584 GC heap before
{Heap before GC invocations=0 (full 0):
 garbage-first heap   total 524288K, used 20480K [0x0000000602800000, 0x0000000800000000)
  region size 4096K, 6 young (24576K), 0 survivors (0K)
 Metaspace       used 7585K, committed 7808K, reserved 1114112K
  class space    used 951K, committed 1024K, reserved 1048576K
}
Event: 0.587 GC heap after
{Heap after GC invocations=1 (full 0):
 garbage-first heap   total 524288K, used 4592K [0x0000000602800000, 0x0000000800000000)
  region size 4096K, 1 young (4096K), 1 survivors (4096K)
 Metaspace       used 7585K, committed 7808K, reserved 1114112K
  class space    used 951K, committed 1024K, reserved 1048576K
}
Event: 0.824 GC heap before
{Heap before GC invocations=1 (full 0):
 garbage-first heap   total 524288K, used 33264K [0x0000000602800000, 0x0000000800000000)
  region size 4096K, 9 young (36864K), 1 survivors (4096K)
 Metaspace       used 14361K, committed 14592K, reserved 1114112K
  class space    used 1723K, committed 1856K, reserved 1048576K
}
Event: 0.826 GC heap after
{Heap after GC invocations=2 (full 0):
 garbage-first heap   total 524288K, used 6293K [0x0000000602800000, 0x0000000800000000)
  region size 4096K, 2 young (8192K), 2 survivors (8192K)
 Metaspace       used 14361K, committed 14592K, reserved 1114112K
  class space    used 1723K, committed 1856K, reserved 1048576K
}
Event: 1.632 GC heap before
{Heap before GC invocations=2 (full 0):
 garbage-first heap   total 524288K, used 30869K [0x0000000602800000, 0x0000000800000000)
  region size 4096K, 9 young (36864K), 2 survivors (8192K)
 Metaspace       used 21299K, committed 21504K, reserved 1114112K
  class space    used 2557K, committed 2624K, reserved 1048576K
}

Dll operation events (12 events):
Event: 0.004 Loaded shared library C:\Users\benni\.gradle\jdks\jdk-21.0.3+9\bin\java.dll
Event: 0.021 Loaded shared library C:\Users\benni\.gradle\jdks\jdk-21.0.3+9\bin\jsvml.dll
Event: 0.064 Loaded shared library C:\Users\benni\.gradle\jdks\jdk-21.0.3+9\bin\zip.dll
Event: 0.067 Loaded shared library C:\Users\benni\.gradle\jdks\jdk-21.0.3+9\bin\instrument.dll
Event: 0.070 Loaded shared library C:\Users\benni\.gradle\jdks\jdk-21.0.3+9\bin\net.dll
Event: 0.071 Loaded shared library C:\Users\benni\.gradle\jdks\jdk-21.0.3+9\bin\nio.dll
Event: 0.074 Loaded shared library C:\Users\benni\.gradle\jdks\jdk-21.0.3+9\bin\zip.dll
Event: 0.103 Loaded shared library C:\Users\benni\AppData\Local\Programs\IntelliJ IDEA Ultimate 2\bin\breakgen64.dll
Event: 0.107 Loaded shared library C:\Users\benni\.gradle\jdks\jdk-21.0.3+9\bin\extnet.dll
Event: 0.112 Loaded shared library C:\Users\benni\.gradle\jdks\jdk-21.0.3+9\bin\jimage.dll
Event: 0.869 Loaded shared library C:\Users\benni\.gradle\jdks\jdk-21.0.3+9\bin\sunmscapi.dll
Event: 1.490 Loaded shared library C:\Users\benni\AppData\Local\Temp\webrtc-java11290290849374821857.dll

Deoptimization events (20 events):
Event: 0.928 Thread 0x000001fd0e520870 DEOPT PACKING pc=0x000001fd20bd640c sp=0x000000fa0f5f7340
Event: 0.928 Thread 0x000001fd0e520870 DEOPT UNPACKING pc=0x000001fd204546a2 sp=0x000000fa0f5f7138 mode 2
Event: 0.943 Thread 0x000001fd0e520870 DEOPT PACKING pc=0x000001fd191048fc sp=0x000000fa0f5f9a80
Event: 0.943 Thread 0x000001fd0e520870 DEOPT UNPACKING pc=0x000001fd20454e42 sp=0x000000fa0f5f8eb8 mode 0
Event: 1.581 Thread 0x000001fd0e520870 Uncommon trap: trap_request=0xffffff45 fr.pc=0x000001fd20c27de4 relative=0x00000000000001a4
Event: 1.581 Thread 0x000001fd0e520870 Uncommon trap: reason=unstable_if action=reinterpret pc=0x000001fd20c27de4 method=java.io.WinNTFileSystem.prefixLength(Ljava/lang/String;)I @ 42 c2
Event: 1.581 Thread 0x000001fd0e520870 DEOPT PACKING pc=0x000001fd20c27de4 sp=0x000000fa0f5fb780
Event: 1.581 Thread 0x000001fd0e520870 DEOPT UNPACKING pc=0x000001fd204546a2 sp=0x000000fa0f5fb6f8 mode 2
Event: 1.612 Thread 0x000001fd0e520870 Uncommon trap: trap_request=0xffffff45 fr.pc=0x000001fd20c008d4 relative=0x00000000000005d4
Event: 1.612 Thread 0x000001fd0e520870 Uncommon trap: reason=unstable_if action=reinterpret pc=0x000001fd20c008d4 method=java.lang.Integer.stringSize(I)I @ 19 c2
Event: 1.612 Thread 0x000001fd0e520870 DEOPT PACKING pc=0x000001fd20c008d4 sp=0x000000fa0f5fd0b0
Event: 1.612 Thread 0x000001fd0e520870 DEOPT UNPACKING pc=0x000001fd204546a2 sp=0x000000fa0f5fcfa0 mode 2
Event: 1.613 Thread 0x000001fd0e520870 Uncommon trap: trap_request=0xffffff45 fr.pc=0x000001fd20bd2aa0 relative=0x00000000000008a0
Event: 1.613 Thread 0x000001fd0e520870 Uncommon trap: reason=unstable_if action=reinterpret pc=0x000001fd20bd2aa0 method=java.lang.Integer.stringSize(I)I @ 19 c2
Event: 1.613 Thread 0x000001fd0e520870 DEOPT PACKING pc=0x000001fd20bd2aa0 sp=0x000000fa0f5fd050
Event: 1.613 Thread 0x000001fd0e520870 DEOPT UNPACKING pc=0x000001fd204546a2 sp=0x000000fa0f5fcfa8 mode 2
Event: 1.615 Thread 0x000001fd0e520870 Uncommon trap: trap_request=0xffffff45 fr.pc=0x000001fd20bce2a4 relative=0x0000000000000084
Event: 1.615 Thread 0x000001fd0e520870 Uncommon trap: reason=unstable_if action=reinterpret pc=0x000001fd20bce2a4 method=java.lang.Integer.stringSize(I)I @ 19 c2
Event: 1.615 Thread 0x000001fd0e520870 DEOPT PACKING pc=0x000001fd20bce2a4 sp=0x000000fa0f5fd020
Event: 1.615 Thread 0x000001fd0e520870 DEOPT UNPACKING pc=0x000001fd204546a2 sp=0x000000fa0f5fcfa0 mode 2

Classes loaded (20 events):
Event: 1.590 Loading class sun/nio/ch/SourceChannelImpl
Event: 1.590 Loading class java/nio/channels/Pipe$SourceChannel
Event: 1.590 Loading class java/nio/channels/Pipe$SourceChannel done
Event: 1.590 Loading class sun/nio/ch/SourceChannelImpl done
Event: 1.590 Loading class sun/nio/ch/SinkChannelImpl
Event: 1.590 Loading class java/nio/channels/Pipe$SinkChannel
Event: 1.590 Loading class java/nio/channels/Pipe$SinkChannel done
Event: 1.590 Loading class sun/nio/ch/SinkChannelImpl done
Event: 1.597 Loading class java/util/concurrent/ExecutionException
Event: 1.597 Loading class java/util/concurrent/ExecutionException done
Event: 1.606 Loading class java/nio/channels/CancelledKeyException
Event: 1.606 Loading class java/nio/channels/CancelledKeyException done
Event: 1.607 Loading class java/util/concurrent/CountDownLatch
Event: 1.607 Loading class java/util/concurrent/CountDownLatch done
Event: 1.611 Loading class java/util/concurrent/CountDownLatch$Sync
Event: 1.611 Loading class java/util/concurrent/CountDownLatch$Sync done
Event: 1.613 Loading class java/nio/channels/SelectionKey
Event: 1.613 Loading class java/nio/channels/SelectionKey done
Event: 1.630 Loading class java/nio/channels/ClosedChannelException
Event: 1.630 Loading class java/nio/channels/ClosedChannelException done

Classes unloaded (0 events):
No events

Classes redefined (0 events):
No events

Internal exceptions (20 events):
Event: 0.308 Thread 0x000001fd0e520870 Exception <a 'java/lang/NoSuchMethodError'{0x000000062163acc8}: 'int java.lang.invoke.DirectMethodHandle$Holder.invokeStaticInit(java.lang.Object, java.lang.Object)'> (0x000000062163acc8) 
thrown [s\src\hotspot\share\interpreter\linkResolver.cpp, line 773]
Event: 0.445 Thread 0x000001fd0e520870 Exception <a 'java/lang/NoSuchMethodError'{0x000000062113a0e8}: 'void java.lang.invoke.DirectMethodHandle$Holder.invokeSpecial(java.lang.Object, java.lang.Object, java.lang.Object, java.lang.Object, java.lang.Object)'> (0x000000062113a0e8) 
thrown [s\src\hotspot\share\interpreter\linkResolver.cpp, line 773]
Event: 0.595 Thread 0x000001fd0e520870 Exception <a 'java/lang/NoSuchMethodError'{0x0000000622598168}: 'java.lang.Object java.lang.invoke.DirectMethodHandle$Holder.newInvokeSpecial(java.lang.Object, java.lang.Object, java.lang.Object, java.lang.Object, java.lang.Object)'> (0x0000000622598168) 
thrown [s\src\hotspot\share\interpreter\linkResolver.cpp, line 773]
Event: 0.692 Thread 0x000001fd0e520870 Implicit null exception at 0x000001fd20b948a4 to 0x000001fd20b94f1c
Event: 0.728 Thread 0x000001fd0e520870 Implicit null exception at 0x000001fd20b90320 to 0x000001fd20b9098c
Event: 0.743 Thread 0x000001fd0e520870 Exception <a 'java/lang/NoSuchMethodError'{0x0000000621258e38}: 'java.lang.Object java.lang.invoke.DirectMethodHandle$Holder.invokeInterface(java.lang.Object, java.lang.Object)'> (0x0000000621258e38) 
thrown [s\src\hotspot\share\interpreter\linkResolver.cpp, line 773]
Event: 0.743 Thread 0x000001fd0e520870 Exception <a 'java/lang/NoSuchMethodError'{0x00000006212600e8}: 'int java.lang.invoke.DirectMethodHandle$Holder.invokeInterface(java.lang.Object, java.lang.Object)'> (0x00000006212600e8) 
thrown [s\src\hotspot\share\interpreter\linkResolver.cpp, line 773]
Event: 0.820 Thread 0x000001fd0e520870 Exception <a 'java/lang/NoSuchMethodError'{0x000000062078d148}: 'int java.lang.invoke.DirectMethodHandle$Holder.invokeStatic(java.lang.Object, java.lang.Object, java.lang.Object, java.lang.Object)'> (0x000000062078d148) 
thrown [s\src\hotspot\share\interpreter\linkResolver.cpp, line 773]
Event: 0.847 Thread 0x000001fd0e520870 Exception <a 'java/lang/NoSuchMethodError'{0x00000006226cae80}: 'java.lang.Object java.lang.invoke.DirectMethodHandle$Holder.newInvokeSpecial(java.lang.Object, int, java.lang.Object, java.lang.Object)'> (0x00000006226cae80) 
thrown [s\src\hotspot\share\interpreter\linkResolver.cpp, line 773]
Event: 0.883 Thread 0x000001fd0e520870 Exception <a 'java/lang/NoSuchMethodError'{0x000000062230eda8}: 'void java.lang.invoke.DirectMethodHandle$Holder.invokeVirtual(java.lang.Object, java.lang.Object)'> (0x000000062230eda8) 
thrown [s\src\hotspot\share\interpreter\linkResolver.cpp, line 773]
Event: 0.925 Thread 0x000001fd0e520870 Exception <a 'sun/nio/fs/WindowsException'{0x0000000621a105b8}> (0x0000000621a105b8) 
thrown [s\src\hotspot\share\prims\jni.cpp, line 520]
Event: 0.941 Thread 0x000001fd0e520870 Exception <a 'java/lang/NoSuchMethodError'{0x0000000621ab9910}: 'java.lang.Object java.lang.invoke.DirectMethodHandle$Holder.invokeStaticInit(java.lang.Object, int, int, int, int)'> (0x0000000621ab9910) 
thrown [s\src\hotspot\share\interpreter\linkResolver.cpp, line 773]
Event: 0.949 Thread 0x000001fd0e520870 Exception <a 'java/lang/NoSuchMethodError'{0x0000000621b777a0}: 'java.lang.Object java.lang.invoke.DirectMethodHandle$Holder.invokeStaticInit(java.lang.Object, java.lang.Object, int, int, int, int)'> (0x0000000621b777a0) 
thrown [s\src\hotspot\share\interpreter\linkResolver.cpp, line 773]
Event: 1.543 Thread 0x000001fd0e520870 Exception <a 'java/lang/NoSuchMethodError'{0x0000000621685208}: 'java.lang.Object java.lang.invoke.DirectMethodHandle$Holder.invokeStatic(java.lang.Object, int, java.lang.Object, java.lang.Object)'> (0x0000000621685208) 
thrown [s\src\hotspot\share\interpreter\linkResolver.cpp, line 773]
Event: 1.543 Thread 0x000001fd0e520870 Exception <a 'java/lang/NoSuchMethodError'{0x000000062168bca0}: 'java.lang.Object java.lang.invoke.DirectMethodHandle$Holder.newInvokeSpecial(java.lang.Object, int, java.lang.Object)'> (0x000000062168bca0) 
thrown [s\src\hotspot\share\interpreter\linkResolver.cpp, line 773]
Event: 1.581 Thread 0x000001fd0e520870 Exception <a 'java/lang/NoSuchMethodError'{0x0000000620c81ad8}: 'void java.lang.invoke.DirectMethodHandle$Holder.invokeSpecial(java.lang.Object, java.lang.Object, java.lang.Object)'> (0x0000000620c81ad8) 
thrown [s\src\hotspot\share\interpreter\linkResolver.cpp, line 773]
Event: 1.582 Thread 0x000001fd0e520870 Exception <a 'java/lang/UnsatisfiedLinkError'{0x0000000620c96648}: 'int io.netty.channel.kqueue.Native.sizeofKEvent()'> (0x0000000620c96648) 
thrown [s\src\hotspot\share\prims\nativeLookup.cpp, line 415]
Event: 1.582 Thread 0x000001fd0e520870 Exception <a 'java/lang/ExceptionInInitializerError'{0x0000000620c97978}> (0x0000000620c97978) 
thrown [s\src\hotspot\share\oops\instanceKlass.cpp, line 1236]
Event: 1.592 Thread 0x000001fd0e520870 Exception <a 'java/lang/UnsatisfiedLinkError'{0x0000000620cdbf18}: 'int io.netty.channel.epoll.Native.offsetofEpollData()'> (0x0000000620cdbf18) 
thrown [s\src\hotspot\share\prims\nativeLookup.cpp, line 415]
Event: 1.592 Thread 0x000001fd0e520870 Exception <a 'java/lang/ExceptionInInitializerError'{0x0000000620cdd628}> (0x0000000620cdd628) 
thrown [s\src\hotspot\share\oops\instanceKlass.cpp, line 1236]

ZGC Phase Switch (0 events):
No events

VM Operations (20 events):
Event: 0.421 Executing VM operation: HandshakeAllThreads (Deoptimize) done
Event: 0.421 Executing VM operation: HandshakeAllThreads (Deoptimize)
Event: 0.421 Executing VM operation: HandshakeAllThreads (Deoptimize) done
Event: 0.584 Executing VM operation: G1CollectForAllocation (G1 Evacuation Pause)
Event: 0.587 Executing VM operation: G1CollectForAllocation (G1 Evacuation Pause) done
Event: 0.624 Executing VM operation: HandshakeAllThreads (Deoptimize)
Event: 0.624 Executing VM operation: HandshakeAllThreads (Deoptimize) done
Event: 0.824 Executing VM operation: G1CollectForAllocation (G1 Evacuation Pause)
Event: 0.826 Executing VM operation: G1CollectForAllocation (G1 Evacuation Pause) done
Event: 0.856 Executing VM operation: HandshakeAllThreads (Deoptimize)
Event: 0.856 Executing VM operation: HandshakeAllThreads (Deoptimize) done
Event: 0.874 Executing VM operation: HandshakeAllThreads (Deoptimize)
Event: 0.874 Executing VM operation: HandshakeAllThreads (Deoptimize) done
Event: 0.881 Executing VM operation: HandshakeAllThreads (Deoptimize)
Event: 0.881 Executing VM operation: HandshakeAllThreads (Deoptimize) done
Event: 0.928 Executing VM operation: HandshakeAllThreads (Deoptimize)
Event: 0.928 Executing VM operation: HandshakeAllThreads (Deoptimize) done
Event: 1.590 Executing VM operation: ICBufferFull
Event: 1.590 Executing VM operation: ICBufferFull done
Event: 1.632 Executing VM operation: CollectForMetadataAllocation (Metadata GC Threshold)

Events (20 events):
Event: 0.020 Thread 0x000001fd36386ea0 Thread added: 0x000001fd36386ea0
Event: 0.020 Thread 0x000001fd363854e0 Thread added: 0x000001fd363854e0
Event: 0.020 Thread 0x000001fd363bd360 Thread added: 0x000001fd363bd360
Event: 0.054 Thread 0x000001fd36380090 Thread added: 0x000001fd36380090
Event: 0.056 Thread 0x000001fd363bfc40 Thread added: 0x000001fd363bfc40
Event: 0.056 Thread 0x000001fd363c0310 Thread added: 0x000001fd363c0310
Event: 0.060 Thread 0x000001fd363c09e0 Thread added: 0x000001fd363c09e0
Event: 0.088 Thread 0x000001fd363be100 Thread added: 0x000001fd363be100
Event: 0.103 Thread 0x000001fd7c08f800 Thread added: 0x000001fd7c08f800
Event: 0.103 Thread 0x000001fd7c093750 Thread added: 0x000001fd7c093750
Event: 0.356 Thread 0x000001fd7ca9bb00 Thread added: 0x000001fd7ca9bb00
Event: 0.421 Thread 0x000001fd7ca5abd0 Thread added: 0x000001fd7ca5abd0
Event: 0.549 Thread 0x000001fd363be100 Thread exited: 0x000001fd363be100
Event: 0.575 Thread 0x000001fd7c9f0f90 Thread added: 0x000001fd7c9f0f90
Event: 0.808 Thread 0x000001fd363be7d0 Thread added: 0x000001fd363be7d0
Event: 0.848 Thread 0x000001fd7d029440 Thread added: 0x000001fd7d029440
Event: 1.494 Thread 0x000001fd363be7d0 Thread exited: 0x000001fd363be7d0
Event: 1.526 Thread 0x000001fd363c0310 Thread exited: 0x000001fd363c0310
Event: 1.560 Thread 0x000001fd7d253300 Thread added: 0x000001fd7d253300
Event: 1.560 Thread 0x000001fd7d2546b0 Thread added: 0x000001fd7d2546b0


Dynamic libraries:
0x00007ff6ee710000 - 0x00007ff6ee71e000 	C:\Users\benni\.gradle\jdks\jdk-21.0.3+9\bin\java.exe
0x00007ffde8190000 - 0x00007ffde83a7000 	C:\WINDOWS\SYSTEM32\ntdll.dll
0x00007ffde69c0000 - 0x00007ffde6a84000 	C:\WINDOWS\System32\KERNEL32.DLL
0x00007ffde55c0000 - 0x00007ffde5979000 	C:\WINDOWS\System32\KERNELBASE.dll
0x00007ffde5d10000 - 0x00007ffde5e21000 	C:\WINDOWS\System32\ucrtbase.dll
0x00007ffd97000000 - 0x00007ffd9701b000 	C:\Users\benni\.gradle\jdks\jdk-21.0.3+9\bin\VCRUNTIME140.dll
0x00007ffd94d70000 - 0x00007ffd94d88000 	C:\Users\benni\.gradle\jdks\jdk-21.0.3+9\bin\jli.dll
0x00007ffde7fa0000 - 0x00007ffde814e000 	C:\WINDOWS\System32\USER32.dll
0x00007ffde5ad0000 - 0x00007ffde5af6000 	C:\WINDOWS\System32\win32u.dll
0x00007ffdcec00000 - 0x00007ffdcee92000 	C:\WINDOWS\WinSxS\amd64_microsoft.windows.common-controls_6595b64144ccf1df_6.0.22621.4391_none_2715d37f73803e96\COMCTL32.dll
0x00007ffde76f0000 - 0x00007ffde7719000 	C:\WINDOWS\System32\GDI32.dll
0x00007ffde74e0000 - 0x00007ffde7587000 	C:\WINDOWS\System32\msvcrt.dll
0x00007ffde59b0000 - 0x00007ffde5acb000 	C:\WINDOWS\System32\gdi32full.dll
0x00007ffde5b00000 - 0x00007ffde5b9a000 	C:\WINDOWS\System32\msvcp_win.dll
0x00007ffde7640000 - 0x00007ffde7671000 	C:\WINDOWS\System32\IMM32.DLL
0x00007ffdb51f0000 - 0x00007ffdb51fc000 	C:\Users\benni\.gradle\jdks\jdk-21.0.3+9\bin\vcruntime140_1.dll
0x00007ffd21eb0000 - 0x00007ffd21f3e000 	C:\Users\benni\.gradle\jdks\jdk-21.0.3+9\bin\msvcp140.dll
0x00007ffd21120000 - 0x00007ffd21ea2000 	C:\Users\benni\.gradle\jdks\jdk-21.0.3+9\bin\server\jvm.dll
0x00007ffde6900000 - 0x00007ffde69b2000 	C:\WINDOWS\System32\ADVAPI32.dll
0x00007ffde7590000 - 0x00007ffde7637000 	C:\WINDOWS\System32\sechost.dll
0x00007ffde5980000 - 0x00007ffde59a8000 	C:\WINDOWS\System32\bcrypt.dll
0x00007ffde6ae0000 - 0x00007ffde6bf4000 	C:\WINDOWS\System32\RPCRT4.dll
0x00007ffde5f10000 - 0x00007ffde5f81000 	C:\WINDOWS\System32\WS2_32.dll
0x00007ffde42e0000 - 0x00007ffde432d000 	C:\WINDOWS\SYSTEM32\POWRPROF.dll
0x00007ffddd390000 - 0x00007ffddd39a000 	C:\WINDOWS\SYSTEM32\VERSION.dll
0x00007ffdde210000 - 0x00007ffdde244000 	C:\WINDOWS\SYSTEM32\WINMM.dll
0x00007ffde42c0000 - 0x00007ffde42d3000 	C:\WINDOWS\SYSTEM32\UMPDC.dll
0x00007ffde4580000 - 0x00007ffde4598000 	C:\WINDOWS\SYSTEM32\kernel.appcore.dll
0x00007ffda5fd0000 - 0x00007ffda5fda000 	C:\Users\benni\.gradle\jdks\jdk-21.0.3+9\bin\jimage.dll
0x00007ffdd79a0000 - 0x00007ffdd7bd2000 	C:\WINDOWS\SYSTEM32\DBGHELP.DLL
0x00007ffde6570000 - 0x00007ffde68ff000 	C:\WINDOWS\System32\combase.dll
0x00007ffde7270000 - 0x00007ffde7347000 	C:\WINDOWS\System32\OLEAUT32.dll
0x00007ffdc3d90000 - 0x00007ffdc3dc2000 	C:\WINDOWS\SYSTEM32\dbgcore.DLL
0x00007ffde5e30000 - 0x00007ffde5eab000 	C:\WINDOWS\System32\bcryptPrimitives.dll
0x00007ffd9a8b0000 - 0x00007ffd9a8bf000 	C:\Users\benni\.gradle\jdks\jdk-21.0.3+9\bin\instrument.dll
0x00007ffd943b0000 - 0x00007ffd943cf000 	C:\Users\benni\.gradle\jdks\jdk-21.0.3+9\bin\java.dll
0x00007ffde7720000 - 0x00007ffde7f96000 	C:\WINDOWS\System32\SHELL32.dll
0x00007ffde3220000 - 0x00007ffde3b23000 	C:\WINDOWS\SYSTEM32\windows.storage.dll
0x00007ffde3b60000 - 0x00007ffde3c9f000 	C:\WINDOWS\SYSTEM32\wintypes.dll
0x00007ffde6310000 - 0x00007ffde6409000 	C:\WINDOWS\System32\SHCORE.dll
0x00007ffde73f0000 - 0x00007ffde744e000 	C:\WINDOWS\System32\shlwapi.dll
0x00007ffde53c0000 - 0x00007ffde53eb000 	C:\WINDOWS\SYSTEM32\profapi.dll
0x00007ffd21040000 - 0x00007ffd21117000 	C:\Users\benni\.gradle\jdks\jdk-21.0.3+9\bin\jsvml.dll
0x00007ffd93350000 - 0x00007ffd93368000 	C:\Users\benni\.gradle\jdks\jdk-21.0.3+9\bin\zip.dll
0x00007ffd97d90000 - 0x00007ffd97da0000 	C:\Users\benni\.gradle\jdks\jdk-21.0.3+9\bin\net.dll
0x00007ffde0fb0000 - 0x00007ffde10e6000 	C:\WINDOWS\SYSTEM32\WINHTTP.dll
0x00007ffde49f0000 - 0x00007ffde4a59000 	C:\WINDOWS\system32\mswsock.dll
0x00007ffd92dc0000 - 0x00007ffd92dd6000 	C:\Users\benni\.gradle\jdks\jdk-21.0.3+9\bin\nio.dll
0x00007ffdcf6d0000 - 0x00007ffdcf6ea000 	C:\Users\benni\AppData\Local\Programs\IntelliJ IDEA Ultimate 2\bin\breakgen64.dll
0x00007ffd94b80000 - 0x00007ffd94b89000 	C:\Users\benni\.gradle\jdks\jdk-21.0.3+9\bin\extnet.dll
0x00007ffde3fe0000 - 0x00007ffde40e2000 	C:\WINDOWS\SYSTEM32\DNSAPI.dll
0x00007ffde3f70000 - 0x00007ffde3f9d000 	C:\WINDOWS\SYSTEM32\IPHLPAPI.DLL
0x00007ffde70a0000 - 0x00007ffde70a9000 	C:\WINDOWS\System32\NSI.dll
0x0000000067740000 - 0x0000000067766000 	C:\Program Files\Bonjour\mdnsNSP.dll
0x00007ffdcd290000 - 0x00007ffdcd29a000 	C:\Windows\System32\rasadhlp.dll
0x00007ffdddfc0000 - 0x00007ffdde043000 	C:\WINDOWS\System32\fwpuclnt.dll
0x00007ffd93400000 - 0x00007ffd9340e000 	C:\Users\benni\.gradle\jdks\jdk-21.0.3+9\bin\sunmscapi.dll
0x00007ffde5ba0000 - 0x00007ffde5d06000 	C:\WINDOWS\System32\CRYPT32.dll
0x00007ffde4e50000 - 0x00007ffde4e7d000 	C:\WINDOWS\SYSTEM32\ncrypt.dll
0x00007ffde4e10000 - 0x00007ffde4e47000 	C:\WINDOWS\SYSTEM32\NTASN1.dll
0x00007ffde4d40000 - 0x00007ffde4d5b000 	C:\WINDOWS\SYSTEM32\CRYPTSP.dll
0x00007ffde44e0000 - 0x00007ffde4515000 	C:\WINDOWS\system32\rsaenh.dll
0x00007ffde4a90000 - 0x00007ffde4ab8000 	C:\WINDOWS\SYSTEM32\USERENV.dll
0x00007ffde4d20000 - 0x00007ffde4d2c000 	C:\WINDOWS\SYSTEM32\CRYPTBASE.dll
0x00007ffd5d150000 - 0x00007ffd5e34f000 	C:\Users\benni\AppData\Local\Temp\webrtc-java11290290849374821857.dll
0x00007ffde6090000 - 0x00007ffde6235000 	C:\WINDOWS\System32\ole32.dll
0x00007ffddf320000 - 0x00007ffddf577000 	C:\WINDOWS\SYSTEM32\d3d11.dll
0x00007ffde0160000 - 0x00007ffde032e000 	C:\WINDOWS\SYSTEM32\MFPlat.DLL
0x00007ffde29c0000 - 0x00007ffde2ab7000 	C:\WINDOWS\SYSTEM32\dxgi.dll
0x00007ffdc4230000 - 0x00007ffdc423b000 	C:\WINDOWS\SYSTEM32\msdmo.dll
0x00007ffde4360000 - 0x00007ffde436c000 	C:\WINDOWS\SYSTEM32\Secur32.dll
0x00007ffde5180000 - 0x00007ffde51ce000 	C:\WINDOWS\SYSTEM32\cfgmgr32.dll
0x00007ffde47e0000 - 0x00007ffde4823000 	C:\WINDOWS\SYSTEM32\SSPICLI.DLL
0x00007ffddf580000 - 0x00007ffddf5b3000 	C:\WINDOWS\SYSTEM32\RTWorkQ.DLL
0x00007ffde6260000 - 0x00007ffde6310000 	C:\WINDOWS\System32\clbcatq.dll
0x00007ffddacf0000 - 0x00007ffddad8e000 	C:\WINDOWS\System32\MMDevApi.dll
0x00007ffde5150000 - 0x00007ffde517c000 	C:\WINDOWS\System32\DEVOBJ.dll
0x00007ffdcd460000 - 0x00007ffdcd64d000 	C:\WINDOWS\SYSTEM32\AUDIOSES.DLL
0x00007ffde11c0000 - 0x00007ffde11cb000 	C:\WINDOWS\SYSTEM32\Avrt.dll
0x00007ffdd3df0000 - 0x00007ffdd3e2e000 	C:\Windows\System32\mfwmaaec.dll
0x00007ffdcb7e0000 - 0x00007ffdcb959000 	C:\Windows\System32\Windows.UI.dll
0x00007ffdcd760000 - 0x00007ffdcd768000 	C:\WINDOWS\system32\wshunix.dll

dbghelp: loaded successfully - version: 4.0.5 - missing functions: none
symbol engine: initialized successfully - sym options: 0x614 - pdb path: .;C:\Users\benni\.gradle\jdks\jdk-21.0.3+9\bin;C:\WINDOWS\SYSTEM32;C:\WINDOWS\WinSxS\amd64_microsoft.windows.common-controls_6595b64144ccf1df_6.0.22621.4391_none_2715d37f73803e96;C:\Users\benni\.gradle\jdks\jdk-21.0.3+9\bin\server;C:\Users\benni\AppData\Local\Programs\IntelliJ IDEA Ultimate 2\bin;C:\Program Files\Bonjour;C:\Users\benni\AppData\Local\Temp

VM Arguments:
jvm_args: -javaagent:C:\Users\benni\AppData\Local\Programs\IntelliJ IDEA Ultimate 2\lib\idea_rt.jar=65279:C:\Users\benni\AppData\Local\Programs\IntelliJ IDEA Ultimate 2\bin -Dfile.encoding=UTF-8 -Dsun.stdout.encoding=UTF-8 -Dsun.stderr.encoding=UTF-8 
java_command: net.blockventuremc.audioserver.StartKt
java_class_path (initial): F:\Dokumente\Projects\Kotlin\BlockVenture\AudioServer\standalone\build\classes\kotlin\main;F:\Dokumente\Projects\Kotlin\BlockVenture\AudioServer\standalone\build\resources\main;F:\Dokumente\Projects\Kotlin\BlockVenture\AudioServer\common\build\classes\kotlin\main;C:\Users\benni\.gradle\caches\modules-2\files-2.1\dev.fruxz\ascend\2024.1.2\7634ea1afc1740e69df90a53ad5d995e5a2f478e\ascend-2024.1.2.jar;C:\Users\benni\.gradle\caches\modules-2\files-2.1\io.github.cdimascio\dotenv-kotlin\6.4.1\71c222ad8e1b7e32305b2c9c996c4e631a54d9bd\dotenv-kotlin-6.4.1.jar;C:\Users\benni\.gradle\caches\modules-2\files-2.1\org.jetbrains.kotlin\kotlin-stdlib\2.0.20\7388d355f7cceb002cd387ccb7ab3850e4e0a07f\kotlin-stdlib-2.0.20.jar;C:\Users\benni\.gradle\caches\modules-2\files-2.1\ch.qos.logback\logback-classic\1.5.6\afc75d260d838a3bddfb8f207c2805ed7d1b34f9\logback-classic-1.5.6.jar;C:\Users\benni\.gradle\caches\modules-2\files-2.1\dev.arbjerg\lavaplayer\2.1.2\bc455d1a5f9182a900eb0319601c288d9659635a\lavaplayer-2.1.2.jar;C:\Users\benni\.gradle\caches\modules-2\files-2.1\dev.onvoid.webrtc\webrtc-java\0.8.0\a7393661463b5f7caaa3af9d3c2ea30c99030175\webrtc-java-0.8.0.jar;C:\Users\benni\.gradle\caches\modules-2\files-2.1\dev.onvoid.webrtc\webrtc-java\0.8.0\adb6de05c63ce4c5973408e74f9ef90f1e55c35d\webrtc-java-0.8.0-linux-aarch32.jar;C:\Users\benni\.gradle\caches\modules-2\files-2.1\dev.onvoid.webrtc\webrtc-java\0.8.0\63ea944f58a024839d1999112d2bd70d2494fa38\webrtc-java-0.8.0-linux-aarch64.jar;C:\Users\benni\.gradle\caches\modules-2\files-2.1\dev.onvoid.webrtc\webrtc-java\0.8.0\9a191aa087f5a223997f6ef320af26f6f3ff25ef\webrtc-java-0.8.0-linux-x86_64.jar;C:\Users\benni\.gradle\caches\modules-2\files-2.1\dev.onvoid.webrtc\webrtc-java\0.8.0\66c77efc11d22553a8d3e5f7d5ae139b05af975f\webrtc-java-0.8.0-macos-aarch64.jar;C:\Users\benni\.gradle\caches\modules-2\files-2.1\dev.onvoid.webrtc\webrtc-java\0.8.0\7722be25aa63114cf4091da00fb00582b6cc8da8\webrtc-java-0.8.0-macos-x86_64.jar;C:\Users\benni\.gradle\caches\modules-2\files-2.1\dev.onvoid.webrtc\webrtc-java\0.8.0\58c9219f922ca721f166706f96239c110608a71a\webrtc-java-0.8.0-windows-x86_64.jar;C:\Users\benni\.gradle\caches\modules-2\files-2.1\com.rabbitmq\amqp-client\5.21.0\70797e8a66e800391940edcf21f31423b9768f1\amqp-client-5.21.0.jar;C:\Users\benni\.gradle\caches\modules-2\files-2.1\io.github.cdimascio\dotenv-java\2.3.2\709ce3e74d65eda1a7d29602d513b53492807ff8\dotenv-java-2.3.2.jar;C:\Users\benni\.gradle\caches\modules-2\files-2.1\io.ktor\ktor-server-netty-jvm\3.0.0\19e898cb7621ab6ee44dec24700ffac33e4636e8\ktor-server-netty-jvm-3.0.0.jar;C:\Users\benni\.gradle\caches\modules-2\files-2.1\io.ktor\ktor-server-websockets-jvm\3.0.0\2fc1e336f3556ea45bb880633d11364d3e4c03d8\ktor-server-websockets-jvm-3.0.0.jar;C:\Users\benni\.gradle\caches\modules-2\files-2.1\io.ktor\ktor-server-sse-jvm\3.0.0\c6735a6e8aa71f496a7fe2bbf56e013e338aa293\ktor-server-sse-jvm-3.0.0.jar;C:\Users\benni\.gradle\caches\modules-2\files-2.1\org.jetbrains\annotations\23.0.0\8cc20c07506ec18e0834947b84a864bfc094484e\annotations-23.0.0.jar;C:\Users\benni\.gradle\caches\modules-2\files-2.1\ch.qos.logback\logback-core\1.5.6\41cbe874701200c5624c19e0ab50d1b88dfcc77d\logback-core-1.5.6.jar;C:\Users\benni\.gradle\caches\modules-2\files-2.1\org.slf4j\slf4j-api\2.0.16\172931663a09a1fa515567af5fbef00897d3c04\slf4j-api-2.0.16.jar;C:\Users\benni\.gradle\caches\modules-2\files-2.1\dev.arbjerg\lava-common\2.1.2\ccee4563e635a0c6e9b3f2e0a2ccd05be322ef5a\lava-common-2.1.2.jar;C:\Users\benni\.gradle\caches\modules-2\files-2.1\org.apache.httpcomponents\httpclient\4.5.14\1194890e6f56ec29177673f2f12d0b8e627dec98\httpclient-4.5.14.jar;C:\Users\benni\.gradle\caches\modules-2\files-2.1\com.fasterxml.jackson.core\jackson-databind\2.15.2\9353b021f10c307c00328f52090de2bdb4b6ff9c\jackson-databind-2.15.2.jar;C:\Users\benni\.gradle\caches\modules-2\files-2.1\com.fasterxml.jackson.core\jackson-core\2.15.2\a6fe1836469a69b3ff66037c324d75fc66ef137c\jackson-core-2.15.2.jar;C:\Users\benni\.gradle\caches\modules-2\files-2.1\io.netty\netty-codec-http2\4.1.114.Final\19ae07fdf99142a70338f8cda70a3d2edbc8e80a\netty-codec-http2-4.1.114.Final.jar;C:\Users\benni\.gradle\caches\modules-2\files-2.1\org.eclipse.jetty.alpn\alpn-api\1.1.3.v20160715\a1bf3a937f91b4c953acd13e8c9552347adc2198\alpn-api-1.1.3.v20160715.jar;C:\Users\benni\.gradle\caches\modules-2\files-2.1\io.netty\netty-transport-native-kqueue\4.1.114.Final\fd7026cb922da2b6b12559a690fc3e3bd88d3c83\netty-transport-native-kqueue-4.1.114.Final.jar;C:\Users\benni\.gradle\caches\modules-2\files-2.1\io.netty\netty-transport-native-epoll\4.1.114.Final\aff3cd3f41f587f43c14cbb47b9ab380f5387a81\netty-transport-native-epoll-4.1.114.Final.jar;C:\Users\benni\.gradle\caches\modules-2\files-2.1\org.apache.httpcomponents\httpcore\4.4.16\51cf043c87253c9f58b539c9f7e44c8894223850\httpcore-4.4.16.jar;C:\Users\benni\.gradle\caches\modules-2\files-2.1\commons-logging\commons-logging\1.2\4bfc12adfe4842bf07b657f0369c4cb522955686\commons-logging-1.2.jar;C:\Users\benni\.gradle\caches\modules-2\files-2.1\commons-codec\commons-codec\1.11\3acb4705652e16236558f0f4f2192cc33c3bd189\commons-codec-1.11.jar;C:\Users\benni\.gradle\caches\modules-2\files-2.1\com.fasterxml.jackson.core\jackson-annotations\2.15.2\4724a65ac8e8d156a24898d50fd5dbd3642870b8\jackson-annotations-2.15.2.jar;C:\Users\benni\.gradle\caches\modules-2\files-2.1\io.ktor\ktor-server-core-jvm\3.0.0\f32f92b9b25d10f5ac916b9b92b32475dae02bd8\ktor-server-core-jvm-3.0.0.jar;C:\Users\benni\.gradle\caches\modules-2\files-2.1\org.jetbrains.kotlinx\kotlinx-coroutines-core-jvm\1.9.0\9beade4c1c1569e4f36cbd2c37e02e3e41502601\kotlinx-coroutines-core-jvm-1.9.0.jar;C:\Users\benni\.gradle\caches\modules-2\files-2.1\io.netty\netty-codec-http\4.1.114.Final\fbce5a53884275662e68aaad70f88bf7e5d04164\netty-codec-http-4.1.114.Final.jar;C:\Users\benni\.gradle\caches\modules-2\files-2.1\io.netty\netty-handler\4.1.114.Final\e56fbde4b9aa628eed15a5dbfbeb97877db88146\netty-handler-4.1.114.Final.jar;C:\Users\benni\.gradle\caches\modules-2\files-2.1\io.netty\netty-codec\4.1.114.Final\5a49dfa2828d64bf756f670e63259115332744cf\netty-codec-4.1.114.Final.jar;C:\Users\benni\.gradle\caches\modules-2\files-2.1\io.netty\netty-transport\4.1.114.Final\e0225a575f487904be8517092cbd74e01913533c\netty-transport-4.1.114.Final.jar;C:\Users\benni\.gradle\caches\modules-2\files-2.1\io.netty\netty-buffer\4.1.114.Final\f1d77d15c0b781cd9395a2a956262766fd0c7602\netty-buffer-4.1.114.Final.jar;C:\Users\benni\.gradle\caches\modules-2\files-2.1\io.netty\netty-common\4.1.114.Final\862712e292b162c8ccaa7847a6a54df8178f77e5\netty-common-4.1.114.Final.jar;C:\Users\benni\.gradle\caches\modules-2\files-2.1\io.netty\netty-transport-classes-kqueue\4.1.114.Final\b17a9c1aa4352720ef3763dd846cd52eece25be4\netty-transport-classes-kqueue-4.1.114.Final.jar;C:\Users\benni\.gradle\caches\modules-2\files-2.1\io.netty\netty-transport-native-unix-common\4.1.114.Final\d1171bb99411f282068f49d780cedf8c9adeabfd\netty-transport-native-unix-common-4.1.114.Final.jar;C:\Users\benni\.gradle\caches\modules-2\files-2.1\io.netty\netty-transport-classes-epoll\4.1.114.Final\f442c794e6fe89e6974f058bf393353e01fb927d\netty-transport-classes-epoll-4.1.114.Final.jar;C:\Users\benni\.gradle\caches\modules-2\files-2.1\io.ktor\ktor-websocket-serialization-jvm\3.0.0\9820fc595351b80651419615f4c9998bbbacb71a\ktor-websocket-serialization-jvm-3.0.0.jar;C:\Users\benni\.gradle\caches\modules-2\files-2.1\io.ktor\ktor-websockets-jvm\3.0.0\bade110c2a1187f8d5f11041f535d65209dfbd2\ktor-websockets-jvm-3.0.0.jar;C:\Users\benni\.gradle\caches\modules-2\files-2.1\io.ktor\ktor-sse-jvm\3.0.0\fc8ef0cfdea8a22f604a0ae7b6308e20bfca466e\ktor-sse-jvm-3.0.0.jar;C:\Users\benni\.gradle\caches\modules-2\files-2.1\org.jetbrains.kotlin\kotlin-reflect\2.0.20\580c610641d75b6448825cbe455a1ded220e148b\kotlin-reflect-2.0.20.jar;C:\Users\benni\.gradle\caches\modules-2\files-2.1\com.typesafe\config\1.4.3\b57e0fbdc7270d8ea59c1ba367457a5cc7ba0e98\config-1.4.3.jar;C:\Users\benni\.gradle\caches\modules-2\files-2.1\io.netty\netty-resolver\4.1.114.Final\10b23784b23d6a948930f52ba82874f1291b5873\netty-resolver-4.1.114.Final.jar;C:\Users\benni\.gradle\caches\modules-2\files-2.1\io.ktor\ktor-serialization-jvm\3.0.0\cb0a4390b8b892c0373752f908eda5c5a9769004\ktor-serialization-jvm-3.0.0.jar;C:\Users\benni\.gradle\caches\modules-2\files-2.1\io.ktor\ktor-events-jvm\3.0.0\db8a404c50f76936bba8b550c2225b2498ed8ffc\ktor-events-jvm-3.0.0.jar;C:\Users\benni\.gradle\caches\modules-2\files-2.1\io.ktor\ktor-http-cio-jvm\3.0.0\c2250f5f7f176f6b329167c78f8affc8c6b8e3a9\ktor-http-cio-jvm-3.0.0.jar;C:\Users\benni\.gradle\caches\modules-2\files-2.1\io.ktor\ktor-http-jvm\3.0.0\1e2de6cad6a9cf772ac376079fb502dc128e6665\ktor-http-jvm-3.0.0.jar;C:\Users\benni\.gradle\caches\modules-2\files-2.1\io.ktor\ktor-utils-jvm\3.0.0\3bc434db6eea43499f330eb49fd8d562147cd820\ktor-utils-jvm-3.0.0.jar;C:\Users\benni\.gradle\caches\modules-2\files-2.1\io.ktor\ktor-network-jvm\3.0.0\c44d2cb36e74940d7abd9d2c738cfa3bdf2cadbe\ktor-network-jvm-3.0.0.jar;C:\Users\benni\.gradle\caches\modules-2\files-2.1\io.ktor\ktor-io-jvm\3.0.0\62c4e08f3d905d06fd4ed32028950fecae7c0ba3\ktor-io-jvm-3.0.0.jar;C:\Users\benni\.gradle\caches\modules-2\files-2.1\org.jetbrains.kotlinx\kotlinx-serialization-core-jvm\1.7.3\1f226780b845ff9206474c05159245d861556249\kotlinx-serialization-core-jvm-1.7.3.jar;C:\Users\benni\.gradle\caches\modules-2\files-2.1\org.jetbrains.kotlinx\kotlinx-io-core-jvm\0.5.4\16566a36d64d88af421fbee163eeeb6aa6406a43\kotlinx-io-core-jvm-0.5.4.jar;C:\Users\benni\.gradle\caches\modules-2\files-2.1\org.jetbrains.kotlinx\kotlinx-io-bytestring-jvm\0.5.4\d02e90094c25c6c4689a9f4359c3dc3543f66958\kotlinx-io-bytestring-jvm-0.5.4.jar;C:\Users\benni\.gradle\caches\modules-2\files-2.1\org.jetbrains.exposed\exposed-dao\0.48.0\cf9cdaab380fb01c70085532a7462c8e868ac0cc\exposed-dao-0.48.0.jar;C:\Users\benni\.gradle\caches\modules-2\files-2.1\org.jetbrains.exposed\exposed-jdbc\0.48.0\62ffec76743ad95478de66247fd18337a4863021\exposed-jdbc-0.48.0.jar;C:\Users\benni\.gradle\caches\modules-2\files-2.1\org.jetbrains.exposed\exposed-core\0.48.0\719f0fee0ac3d498648a58da78a7c52d0bb15fb4\exposed-core-0.48.0.jar;C:\Users\benni\.gradle\caches\modules-2\files-2.1\dev.arbjerg\lavaplayer-natives\2.1.2\ad5a34e0791d1dbaac5039c80c55775b5d34deb0\lavaplayer-natives-2.1.2.jar;C:\Users\benni\.gradle\caches\modules-2\files-2.1\com.github.walkyst\JAADec-fork\0.1.3\2943c13b25b005f98cf8bc3198baea01c3065893\JAADec-fork-0.1.3.jar;C:\Users\benni\.gradle\caches\modules-2\files-2.1\org.mozilla\rhino-engine\1.7.14\7f5c9501e9756ecd33464b82607843040294cdda\rhino-engine-1.7.14.jar;C:\Users\benni\.gradle\caches\modules-2\files-2.1\commons-io\commons-io\2.13.0\8bb2bc9b4df17e2411533a0708a69f983bf5e83b\commons-io-2.13.0.jar;C:\Users\benni\.gradle\caches\modules-2\files-2.1\org.jsoup\jsoup\1.16.1\ae551410a16433984cd4a8603622fafa9d8299f0\jsoup-1.16.1.jar;C:\Users\benni\.gradle\caches\modules-2\files-2.1\net.iharder\base64\2.3.9\6c34d1c85141be8a21b0a957d84359894e2684b7\base64-2.3.9.jar;C:\Users\benni\.gradle\caches\modules-2\files-2.1\org.json\json\20230618\1ae16df7d556d02713e241086f878399e99260d6\json-20230618.jar;C:\Users\benni\.gradle\caches\modules-2\files-2.1\org.jetbrains.kotlinx\kotlinx-serialization-protobuf-jvm\1.7.3\8bbae537b1c2d956a530d026464943b67fc57d2a\kotlinx-serialization-protobuf-jvm-1.7.3.jar;C:\Users\benni\.gradle\caches\modules-2\files-2.1\org.jetbrains.kotlinx\kotlinx-serialization-json-jvm\1.7.3\6701e8c68d9e82387ce72ee96e8ddf058208d58f\kotlinx-serialization-json-jvm-1.7.3.jar;C:\Users\benni\.gradle\caches\modules-2\files-2.1\com.github.walkyst.JAADec-fork\jaadec-ext-aac\0.1.3\f8f727a7b567b2706d279bfbdfb3ad8c52fb1585\jaadec-ext-aac-0.1.3.jar;C:\Users\benni\.gradle\caches\modules-2\files-2.1\com.github.walkyst.JAADec-fork\jaadec-ext-mp4\0.1.3\3911d8e287a6fa6ba135db6390672af6c3305d36\jaadec-ext-mp4-0.1.3.jar;C:\Users\benni\.gradle\caches\modules-2\files-2.1\org.mozilla\rhino\1.7.14\24d091b80d513846293c00350f46d85f71797aff\rhino-1.7.14.jar;C:\Users\benni\.gradle\caches\modules-2\files-2.1\org.fusesource.jansi\jansi\2.4.1\d5774f204d990c9f5da2809b88f928515577beb4\jansi-2.4.1.jar
Launcher Type: SUN_STANDARD

[Global flags]
     intx CICompilerCount                          = 12                                        {product} {ergonomic}
     uint ConcGCThreads                            = 5                                         {product} {ergonomic}
     uint G1ConcRefinementThreads                  = 18                                        {product} {ergonomic}
   size_t G1HeapRegionSize                         = 4194304                                   {product} {ergonomic}
    uintx GCDrainStackTargetSize                   = 64                                        {product} {ergonomic}
   size_t InitialHeapSize                          = 536870912                                 {product} {ergonomic}
   size_t MarkStackSize                            = 4194304                                   {product} {ergonomic}
   size_t MaxHeapSize                              = 8547991552                                {product} {ergonomic}
   size_t MaxNewSize                               = 5125439488                                {product} {ergonomic}
   size_t MinHeapDeltaBytes                        = 4194304                                   {product} {ergonomic}
   size_t MinHeapSize                              = 8388608                                   {product} {ergonomic}
    uintx NonNMethodCodeHeapSize                   = 7602480                                {pd product} {ergonomic}
    uintx NonProfiledCodeHeapSize                  = 122027880                              {pd product} {ergonomic}
    uintx ProfiledCodeHeapSize                     = 122027880                              {pd product} {ergonomic}
    uintx ReservedCodeCacheSize                    = 251658240                              {pd product} {ergonomic}
     bool SegmentedCodeCache                       = true                                      {product} {ergonomic}
   size_t SoftMaxHeapSize                          = 8547991552                             {manageable} {ergonomic}
     bool UseCompressedOops                        = true                           {product lp64_product} {ergonomic}
     bool UseG1GC                                  = true                                      {product} {ergonomic}
     bool UseLargePagesIndividualAllocation        = false                                  {pd product} {ergonomic}

Logging:
Log output configuration:
 #0: stdout all=warning uptime,level,tags foldmultilines=false
 #1: stderr all=off uptime,level,tags foldmultilines=false

Environment Variables:
JAVA_HOME=C:\Program Files\Eclipse Adoptium\jdk-17.0.6.10-hotspot\
PATH=C:\Program Files\Eclipse Adoptium\jdk-21.0.1.12-hotspot\bin;D:\Oculus\Support\oculus-runtime;C:\Program Files\ImageMagick-7.1.1-Q16-HDRI;C:\Program Files\Microsoft\jdk-11.0.16.101-hotspot\bin;C:\Program Files\Eclipse Adoptium\jdk-17.0.6.10-hotspot\bin;C:\WINDOWS\system32;C:\WINDOWS;C:\WINDOWS\System32\Wbem;C:\WINDOWS\System32\WindowsPowerShell\v1.0\;C:\WINDOWS\System32\OpenSSH\;C:\Program Files\dotnet\;C:\Program Files\ffmpeg-6.0\bin;C:\Program Files (x86)\Windows Kits\10\Windows Performance Toolkit\;C:\Program Files\Microsoft SQL Server\150\Tools\Binn\;C:\Program Files\Microsoft SQL Server\Client SDK\ODBC\170\Tools\Binn\;C:\Program Files (x86)\Gpg4win\..\GnuPG\bin;C:\Program Files\CMake\bin;C:\Program Files (x86)\NVIDIA Corporation\PhysX\Common;C:\Program Files\NVIDIA Corporation\NVIDIA NvDLISR;C:\Users\benni\AppData\Roaming\nvm;C:\Program Files\nodejs;C:\ProgramData\chocolatey\bin;C:\Program Files\WireGuard\;C:\Program Files\Git\cmd;C:\Program Files\Cloudflare\Cloudflare WARP\;C:\Program Files\Go\bin;C:\Users\benni\AppData\Local\pnpm;C:\Users\benni\AppData\Local\Programs\Python\Python311\Scripts\;C:\Users\benni\AppData\Local\Programs\Python\Python311\;C:\Users\benni\AppData\Local\Microsoft\WindowsApps;C:\Users\benni\AppData\Local\Programs\Microsoft VS Code\bin;C:\Users\benni\AppData\Local\GitHubDesktop\bin;C:\Users\benni\AppData\Local\JetBrains\Toolbox\scripts;C:\Users\benni\.dotnet\tools;C:\Users\benni\AppData\Roaming\npm;C:\Users\benni\.bun\bin;C:\Users\benni\go\bin
USERNAME=benni
OS=Windows_NT
PROCESSOR_IDENTIFIER=Intel64 Family 6 Model 151 Stepping 2, GenuineIntel
TMP=C:\Users\benni\AppData\Local\Temp
TEMP=C:\Users\benni\AppData\Local\Temp




Periodic native trim disabled

---------------  S Y S T E M  ---------------

OS:
 Windows 11 , 64 bit Build 22621 (10.0.22621.4391)
OS uptime: 1 days 4:11 hours
Hyper-V role detected

CPU: total 24 (initial active 24) (12 cores per cpu, 2 threads per core) family 6 model 151 stepping 2 microcode 0x26, cx8, cmov, fxsr, ht, mmx, 3dnowpref, sse, sse2, sse3, ssse3, sse4.1, sse4.2, popcnt, lzcnt, tsc, tscinvbit, avx, avx2, aes, erms, clmul, bmi1, bmi2, adx, sha, fma, vzeroupper, clflush, clflushopt, clwb, hv, serialize, rdtscp, rdpid, fsrm, f16c, cet_ibt, cet_ss
Processor Information for all 24 processors :
  Max Mhz: 3200, Current Mhz: 3200, Mhz Limit: 3200

Memory: 4k page, system-wide physical 32601M (14207M free)
TotalPageFile size 38489M (AvailPageFile size 13213M)
current process WorkingSet (physical memory assigned to process): 142M, peak: 142M
current process commit charge ("private bytes"): 677M, peak: 677M

vm_info: OpenJDK 64-Bit Server VM (21.0.3+9-LTS) for windows-amd64 JRE (21.0.3+9-LTS), built on 2024-04-16T00:00:00Z by "admin" with MS VC++ 17.7 (VS2022)

END.
